<?xml version="1.0" encoding="UTF-8"?>
<testsuites name="TC_Amazon_TestSuite" time="238.948" tests="10" failures="0" errors="0">
   <testsuite name="TC_Amazon_TestSuite" tests="10" failures="0" errors="0" time="238.948" skipped="0" timestamp="28-01-2024T18:57:30" hostname="nizam - 10.3.141.5" id="Test Suites/Amazon/TC_Amazon_TestSuite">
      <properties>
         <property name="deviceName" value=""/>
         <property name="devicePlatform" value=""/>
         <property name="logFolder" value="C:\\Users\\nizam\\Katalon Studio\\Amazon\\Reports\\20240128_185724\\Amazon\\TC_Amazon_TestSuite\\20240128_185725"/>
         <property name="logFiles" value="C:\\Users\\nizam\\Katalon Studio\\Amazon\\Reports\\20240128_185724\\Amazon\\TC_Amazon_TestSuite\\20240128_185725\\execution0.log"/>
         <property name="attachments" value="C:\\Users\\nizam\\Katalon Studio\\Amazon\\Reports\\20240128_185724\\Amazon\\TC_Amazon_TestSuite\\20240128_185725\\1706448663274.png, C:\\Users\\nizam\\Katalon Studio\\Amazon\\Reports\\20240128_185724\\Amazon\\TC_Amazon_TestSuite\\20240128_185725\\1706448663683.png"/>
         <property name="hostName" value="nizam - 10.3.141.5"/>
         <property name="os" value="Windows 11 64bit"/>
         <property name="katalonVersion" value="9.2.0.212"/>
         <property name="browser" value="Chrome 120.0.0.0"/>
         <property name="hostAddress" value="10.3.141.5"/>
         <property name="sessionId" value="077359891f640f8d67221041ba3d886f"/>
         <property name="seleniumVersion" value="3.141.59"/>
         <property name="proxyInformation" value="ProxyInformation { proxyOption=NO_PROXY, proxyServerType=HTTP, username=, password=********, proxyServerAddress=, proxyServerPort=0, executionList=&quot;&quot;, isApplyToDesiredCapabilities=true }"/>
         <property name="platform" value="Windows 11"/>
      </properties>
      <testcase name="Test Cases/Amazon/TC_Amazon_001" time="9.369" classname="Test Cases/Amazon/TC_Amazon_001" status="PASSED">
         <system-out><![CDATA[28-01-2024T18:57:31 - [TEST_CASE][PASSED] - Test Cases/Amazon/TC_Amazon_001: Test Cases/Amazon/TC_Amazon_001

28-01-2024T18:57:31 - [TEST_STEP][PASSED] - openBrowser("Amazon.in"): Browser is opened with url: 'Amazon.in'

28-01-2024T18:57:31 - [MESSAGE][INFO] - Starting 'Chrome' driver

28-01-2024T18:57:31 - [MESSAGE][INFO] - Action delay is set to 0 milliseconds

28-01-2024T18:57:34 - [MESSAGE][PASSED] - Browser is opened with url: 'Amazon.in'

28-01-2024T18:57:34 - [TEST_STEP][PASSED] - maximizeWindow(): Current window maximized

28-01-2024T18:57:34 - [MESSAGE][PASSED] - Current window maximized

28-01-2024T18:57:34 - [TEST_STEP][PASSED] - verifyElementPresent(findTestObject("Amazon/TC_Amazon_Homepage_001/Page_Online Shopping site in India Shop Online for Mobiles, Books, Watches, Shoes and More - Amazon.in/a_in"), 0): Object 'Object Repository/Amazon/TC_Amazon_Homepage_001/Page_Online Shopping site in India Shop Online for Mobiles, Books, Watches, Shoes and More - Amazon.in/a_in' is present

28-01-2024T18:57:34 - [MESSAGE][WARNING] - Timeout '0' is invalid. Using default page load timeout: '30'

28-01-2024T18:57:36 - [MESSAGE][PASSED] - Object 'Object Repository/Amazon/TC_Amazon_Homepage_001/Page_Online Shopping site in India Shop Online for Mobiles, Books, Watches, Shoes and More - Amazon.in/a_in' is present

28-01-2024T18:57:36 - [TEST_STEP][PASSED] - verifyElementPresent(findTestObject("Amazon/TC_Amazon_Homepage_001/Page_Online Shopping site in India Shop Online for Mobiles, Books, Watches, Shoes and More - Amazon.in/div_All"), 0): Object 'Object Repository/Amazon/TC_Amazon_Homepage_001/Page_Online Shopping site in India Shop Online for Mobiles, Books, Watches, Shoes and More - Amazon.in/div_All' is present

28-01-2024T18:57:36 - [MESSAGE][WARNING] - Timeout '0' is invalid. Using default page load timeout: '30'

28-01-2024T18:57:36 - [MESSAGE][PASSED] - Object 'Object Repository/Amazon/TC_Amazon_Homepage_001/Page_Online Shopping site in India Shop Online for Mobiles, Books, Watches, Shoes and More - Amazon.in/div_All' is present

28-01-2024T18:57:36 - [TEST_STEP][PASSED] - verifyElementPresent(findTestObject("Amazon/TC_Amazon_Homepage_001/Page_Online Shopping site in India Shop Online for Mobiles, Books, Watches, Shoes and More - Amazon.in/a_All"), 0): Object 'Object Repository/Amazon/TC_Amazon_Homepage_001/Page_Online Shopping site in India Shop Online for Mobiles, Books, Watches, Shoes and More - Amazon.in/a_All' is present

28-01-2024T18:57:36 - [MESSAGE][WARNING] - Timeout '0' is invalid. Using default page load timeout: '30'

28-01-2024T18:57:37 - [MESSAGE][PASSED] - Object 'Object Repository/Amazon/TC_Amazon_Homepage_001/Page_Online Shopping site in India Shop Online for Mobiles, Books, Watches, Shoes and More - Amazon.in/a_All' is present

28-01-2024T18:57:37 - [TEST_STEP][PASSED] - verifyElementPresent(findTestObject("Amazon/TC_Amazon_Homepage_001/Page_Online Shopping site in India Shop Online for Mobiles, Books, Watches, Shoes and More - Amazon.in/a_Fresh"), 0): Object 'Object Repository/Amazon/TC_Amazon_Homepage_001/Page_Online Shopping site in India Shop Online for Mobiles, Books, Watches, Shoes and More - Amazon.in/a_Fresh' is present

28-01-2024T18:57:37 - [MESSAGE][WARNING] - Timeout '0' is invalid. Using default page load timeout: '30'

28-01-2024T18:57:37 - [MESSAGE][PASSED] - Object 'Object Repository/Amazon/TC_Amazon_Homepage_001/Page_Online Shopping site in India Shop Online for Mobiles, Books, Watches, Shoes and More - Amazon.in/a_Fresh' is present

28-01-2024T18:57:37 - [TEST_STEP][PASSED] - verifyElementPresent(findTestObject("Amazon/TC_Amazon_Homepage_001/Page_Online Shopping site in India Shop Online for Mobiles, Books, Watches, Shoes and More - Amazon.in/a_Amazon miniTV"), 0): Object 'Object Repository/Amazon/TC_Amazon_Homepage_001/Page_Online Shopping site in India Shop Online for Mobiles, Books, Watches, Shoes and More - Amazon.in/a_Amazon miniTV' is present

28-01-2024T18:57:37 - [MESSAGE][WARNING] - Timeout '0' is invalid. Using default page load timeout: '30'

28-01-2024T18:57:37 - [MESSAGE][PASSED] - Object 'Object Repository/Amazon/TC_Amazon_Homepage_001/Page_Online Shopping site in India Shop Online for Mobiles, Books, Watches, Shoes and More - Amazon.in/a_Amazon miniTV' is present

28-01-2024T18:57:37 - [TEST_STEP][PASSED] - verifyElementPresent(findTestObject("Amazon/TC_Amazon_Homepage_001/Page_Online Shopping site in India Shop Online for Mobiles, Books, Watches, Shoes and More - Amazon.in/a_Sell"), 0): Object 'Object Repository/Amazon/TC_Amazon_Homepage_001/Page_Online Shopping site in India Shop Online for Mobiles, Books, Watches, Shoes and More - Amazon.in/a_Sell' is present

28-01-2024T18:57:37 - [MESSAGE][WARNING] - Timeout '0' is invalid. Using default page load timeout: '30'

28-01-2024T18:57:38 - [MESSAGE][PASSED] - Object 'Object Repository/Amazon/TC_Amazon_Homepage_001/Page_Online Shopping site in India Shop Online for Mobiles, Books, Watches, Shoes and More - Amazon.in/a_Sell' is present

28-01-2024T18:57:38 - [TEST_STEP][PASSED] - verifyElementPresent(findTestObject("Amazon/TC_Amazon_Homepage_001/Page_Online Shopping site in India Shop Online for Mobiles, Books, Watches, Shoes and More - Amazon.in/a_Best Sellers"), 0): Object 'Object Repository/Amazon/TC_Amazon_Homepage_001/Page_Online Shopping site in India Shop Online for Mobiles, Books, Watches, Shoes and More - Amazon.in/a_Best Sellers' is present

28-01-2024T18:57:38 - [MESSAGE][WARNING] - Timeout '0' is invalid. Using default page load timeout: '30'

28-01-2024T18:57:38 - [MESSAGE][PASSED] - Object 'Object Repository/Amazon/TC_Amazon_Homepage_001/Page_Online Shopping site in India Shop Online for Mobiles, Books, Watches, Shoes and More - Amazon.in/a_Best Sellers' is present

28-01-2024T18:57:38 - [TEST_STEP][PASSED] - verifyElementPresent(findTestObject("Amazon/TC_Amazon_Homepage_001/Page_Online Shopping site in India Shop Online for Mobiles, Books, Watches, Shoes and More - Amazon.in/a_Todays Deals"), 0): Object 'Object Repository/Amazon/TC_Amazon_Homepage_001/Page_Online Shopping site in India Shop Online for Mobiles, Books, Watches, Shoes and More - Amazon.in/a_Todays Deals' is present

28-01-2024T18:57:38 - [MESSAGE][WARNING] - Timeout '0' is invalid. Using default page load timeout: '30'

28-01-2024T18:57:38 - [MESSAGE][PASSED] - Object 'Object Repository/Amazon/TC_Amazon_Homepage_001/Page_Online Shopping site in India Shop Online for Mobiles, Books, Watches, Shoes and More - Amazon.in/a_Todays Deals' is present

28-01-2024T18:57:38 - [TEST_STEP][PASSED] - verifyElementPresent(findTestObject("Amazon/TC_Amazon_Homepage_001/Page_Online Shopping site in India Shop Online for Mobiles, Books, Watches, Shoes and More - Amazon.in/a_Mobiles"), 0): Object 'Object Repository/Amazon/TC_Amazon_Homepage_001/Page_Online Shopping site in India Shop Online for Mobiles, Books, Watches, Shoes and More - Amazon.in/a_Mobiles' is present

28-01-2024T18:57:38 - [MESSAGE][WARNING] - Timeout '0' is invalid. Using default page load timeout: '30'

28-01-2024T18:57:38 - [MESSAGE][PASSED] - Object 'Object Repository/Amazon/TC_Amazon_Homepage_001/Page_Online Shopping site in India Shop Online for Mobiles, Books, Watches, Shoes and More - Amazon.in/a_Mobiles' is present

28-01-2024T18:57:38 - [TEST_STEP][PASSED] - verifyElementPresent(findTestObject("Amazon/TC_Amazon_Homepage_001/Page_Online Shopping site in India Shop Online for Mobiles, Books, Watches, Shoes and More - Amazon.in/a_Electronics"), 0): Object 'Object Repository/Amazon/TC_Amazon_Homepage_001/Page_Online Shopping site in India Shop Online for Mobiles, Books, Watches, Shoes and More - Amazon.in/a_Electronics' is present

28-01-2024T18:57:39 - [MESSAGE][WARNING] - Timeout '0' is invalid. Using default page load timeout: '30'

28-01-2024T18:57:39 - [MESSAGE][PASSED] - Object 'Object Repository/Amazon/TC_Amazon_Homepage_001/Page_Online Shopping site in India Shop Online for Mobiles, Books, Watches, Shoes and More - Amazon.in/a_Electronics' is present

28-01-2024T18:57:39 - [TEST_STEP][PASSED] - verifyElementPresent(findTestObject("Amazon/TC_Amazon_Homepage_001/Page_Online Shopping site in India Shop Online for Mobiles, Books, Watches, Shoes and More - Amazon.in/a_Customer Service"), 0): Object 'Object Repository/Amazon/TC_Amazon_Homepage_001/Page_Online Shopping site in India Shop Online for Mobiles, Books, Watches, Shoes and More - Amazon.in/a_Customer Service' is present

28-01-2024T18:57:39 - [MESSAGE][WARNING] - Timeout '0' is invalid. Using default page load timeout: '30'

28-01-2024T18:57:39 - [MESSAGE][PASSED] - Object 'Object Repository/Amazon/TC_Amazon_Homepage_001/Page_Online Shopping site in India Shop Online for Mobiles, Books, Watches, Shoes and More - Amazon.in/a_Customer Service' is present

28-01-2024T18:57:39 - [TEST_STEP][PASSED] - verifyElementPresent(findTestObject("Amazon/TC_Amazon_Homepage_001/Page_Online Shopping site in India Shop Online for Mobiles, Books, Watches, Shoes and More - Amazon.in/a_Prime"), 0): Object 'Object Repository/Amazon/TC_Amazon_Homepage_001/Page_Online Shopping site in India Shop Online for Mobiles, Books, Watches, Shoes and More - Amazon.in/a_Prime' is present

28-01-2024T18:57:39 - [MESSAGE][WARNING] - Timeout '0' is invalid. Using default page load timeout: '30'

28-01-2024T18:57:39 - [MESSAGE][PASSED] - Object 'Object Repository/Amazon/TC_Amazon_Homepage_001/Page_Online Shopping site in India Shop Online for Mobiles, Books, Watches, Shoes and More - Amazon.in/a_Prime' is present

28-01-2024T18:57:39 - [TEST_STEP][PASSED] - verifyElementPresent(findTestObject("Amazon/TC_Amazon_Homepage_001/Page_Online Shopping site in India Shop Online for Mobiles, Books, Watches, Shoes and More - Amazon.in/a_New Releases"), 0): Object 'Object Repository/Amazon/TC_Amazon_Homepage_001/Page_Online Shopping site in India Shop Online for Mobiles, Books, Watches, Shoes and More - Amazon.in/a_New Releases' is present

28-01-2024T18:57:39 - [MESSAGE][WARNING] - Timeout '0' is invalid. Using default page load timeout: '30'

28-01-2024T18:57:40 - [MESSAGE][PASSED] - Object 'Object Repository/Amazon/TC_Amazon_Homepage_001/Page_Online Shopping site in India Shop Online for Mobiles, Books, Watches, Shoes and More - Amazon.in/a_New Releases' is present

28-01-2024T18:57:40 - [TEST_STEP][PASSED] - verifyElementPresent(findTestObject("Amazon/TC_Amazon_Homepage_001/Page_Online Shopping site in India Shop Online for Mobiles, Books, Watches, Shoes and More - Amazon.in/a_Gift Ideas"), 0): Object 'Object Repository/Amazon/TC_Amazon_Homepage_001/Page_Online Shopping site in India Shop Online for Mobiles, Books, Watches, Shoes and More - Amazon.in/a_Gift Ideas' is present

28-01-2024T18:57:40 - [MESSAGE][WARNING] - Timeout '0' is invalid. Using default page load timeout: '30'

28-01-2024T18:57:40 - [MESSAGE][PASSED] - Object 'Object Repository/Amazon/TC_Amazon_Homepage_001/Page_Online Shopping site in India Shop Online for Mobiles, Books, Watches, Shoes and More - Amazon.in/a_Gift Ideas' is present

28-01-2024T18:57:40 - [TEST_STEP][PASSED] - closeBrowser(): Browser is closed

28-01-2024T18:57:40 - [MESSAGE][PASSED] - Browser is closed]]></system-out>
         <system-err><![CDATA[]]></system-err>
      </testcase>
      <testcase name="Test Cases/Amazon/TC_Amazon_002" time="19.229" classname="Test Cases/Amazon/TC_Amazon_002" status="PASSED">
         <system-out><![CDATA[28-01-2024T18:57:40 - [TEST_CASE][PASSED] - Test Cases/Amazon/TC_Amazon_002: Test Cases/Amazon/TC_Amazon_002

28-01-2024T18:57:40 - [TEST_STEP][PASSED] - openBrowser(""): Browser is opened with url: ''

28-01-2024T18:57:40 - [MESSAGE][INFO] - Starting 'Chrome' driver

28-01-2024T18:57:40 - [MESSAGE][INFO] - Action delay is set to 0 milliseconds

28-01-2024T18:57:41 - [MESSAGE][PASSED] - Browser is opened with url: ''

28-01-2024T18:57:41 - [TEST_STEP][PASSED] - maximizeWindow(): Current window maximized

28-01-2024T18:57:41 - [MESSAGE][PASSED] - Current window maximized

28-01-2024T18:57:41 - [TEST_STEP][PASSED] - navigateToUrl("https://www.amazon.in/"): Navigate to 'https://www.amazon.in/' successfully

28-01-2024T18:57:43 - [MESSAGE][PASSED] - Navigate to 'https://www.amazon.in/' successfully

28-01-2024T18:57:43 - [TEST_STEP][PASSED] - click(findTestObject("Object Repository/Amazon/TC_Amazon_002_ItemSearch/Page_Amazon.in  Amazon Alexa/inputnav-search-submit-button")): Object: 'Object Repository/Amazon/TC_Amazon_002_ItemSearch/Page_Amazon.in  Amazon Alexa/inputnav-search-submit-button' is clicked on

28-01-2024T18:57:47 - [MESSAGE][PASSED] - Object: 'Object Repository/Amazon/TC_Amazon_002_ItemSearch/Page_Amazon.in  Amazon Alexa/inputnav-search-submit-button' is clicked on

28-01-2024T18:57:47 - [TEST_STEP][PASSED] - setText(findTestObject("Object Repository/Amazon/TC_Amazon_002_ItemSearch/Page_Amazon.in  Amazon Alexa/input_field-keywords"), "Amazon Echo"): Text 'Amazon Echo' is set on object 'Object Repository/Amazon/TC_Amazon_002_ItemSearch/Page_Amazon.in  Amazon Alexa/input_field-keywords'

28-01-2024T18:57:49 - [MESSAGE][PASSED] - Text 'Amazon Echo' is set on object 'Object Repository/Amazon/TC_Amazon_002_ItemSearch/Page_Amazon.in  Amazon Alexa/input_field-keywords'

28-01-2024T18:57:49 - [TEST_STEP][PASSED] - click(findTestObject("Object Repository/Amazon/TC_Amazon_002_ItemSearch/Page_Amazon.in  Amazon Echo/inputnav-search-submit-button")): Object: 'Object Repository/Amazon/TC_Amazon_002_ItemSearch/Page_Amazon.in  Amazon Echo/inputnav-search-submit-button' is clicked on

28-01-2024T18:57:52 - [MESSAGE][PASSED] - Object: 'Object Repository/Amazon/TC_Amazon_002_ItemSearch/Page_Amazon.in  Amazon Echo/inputnav-search-submit-button' is clicked on

28-01-2024T18:57:52 - [TEST_STEP][PASSED] - switchToWindowTitle("Amazon.in : Amazon Echo"): Switched to window with title: 'Amazon.in : Amazon Echo'

28-01-2024T18:57:52 - [MESSAGE][PASSED] - Switched to window with title: 'Amazon.in : Amazon Echo'

28-01-2024T18:57:52 - [TEST_STEP][PASSED] - click(findTestObject("Object Repository/Amazon/TC_Amazon_002_ItemSearch/Page_Amazon.in  Amazon Echo/span_Echo Dot (5th Gen)  Smart speaker with_42cf15")): Object: 'Object Repository/Amazon/TC_Amazon_002_ItemSearch/Page_Amazon.in  Amazon Echo/span_Echo Dot (5th Gen)  Smart speaker with_42cf15' is clicked on

28-01-2024T18:57:53 - [MESSAGE][PASSED] - Object: 'Object Repository/Amazon/TC_Amazon_002_ItemSearch/Page_Amazon.in  Amazon Echo/span_Echo Dot (5th Gen)  Smart speaker with_42cf15' is clicked on

28-01-2024T18:57:53 - [TEST_STEP][PASSED] - verifyTextPresent("Echo Dot", true): Text 'Echo Dot' is present on page  using regular expression

28-01-2024T18:57:56 - [MESSAGE][PASSED] - Text 'Echo Dot' is present on page  using regular expression

28-01-2024T18:57:56 - [TEST_STEP][PASSED] - delay(3): Delayed 3 second(s)

28-01-2024T18:57:59 - [MESSAGE][PASSED] - Delayed 3 second(s)

28-01-2024T18:57:59 - [TEST_STEP][PASSED] - closeBrowser(): Browser is closed

28-01-2024T18:57:59 - [MESSAGE][PASSED] - Browser is closed]]></system-out>
         <system-err><![CDATA[]]></system-err>
      </testcase>
      <testcase name="Test Cases/Amazon/TC_Amazon_003" time="27.392" classname="Test Cases/Amazon/TC_Amazon_003" status="PASSED">
         <system-out><![CDATA[28-01-2024T18:57:59 - [TEST_CASE][PASSED] - Test Cases/Amazon/TC_Amazon_003: Test Cases/Amazon/TC_Amazon_003

28-01-2024T18:57:59 - [TEST_STEP][PASSED] - openBrowser(""): Browser is opened with url: ''

28-01-2024T18:57:59 - [MESSAGE][INFO] - Starting 'Chrome' driver

28-01-2024T18:57:59 - [MESSAGE][INFO] - Action delay is set to 0 milliseconds

28-01-2024T18:58:00 - [MESSAGE][PASSED] - Browser is opened with url: ''

28-01-2024T18:58:00 - [TEST_STEP][PASSED] - navigateToUrl("https://www.amazon.in/"): Navigate to 'https://www.amazon.in/' successfully

28-01-2024T18:58:01 - [MESSAGE][PASSED] - Navigate to 'https://www.amazon.in/' successfully

28-01-2024T18:58:01 - [TEST_STEP][PASSED] - setText(findTestObject("Object Repository/Amazon/TC_Amazon_003_FilteredSearch/Page_Online Shopping site in India Shop Onl_10c5f3/input_field-keywords"), "5g smartphone"): Text '5g smartphone' is set on object 'Object Repository/Amazon/TC_Amazon_003_FilteredSearch/Page_Online Shopping site in India Shop Onl_10c5f3/input_field-keywords'

28-01-2024T18:58:03 - [MESSAGE][PASSED] - Text '5g smartphone' is set on object 'Object Repository/Amazon/TC_Amazon_003_FilteredSearch/Page_Online Shopping site in India Shop Onl_10c5f3/input_field-keywords'

28-01-2024T18:58:03 - [TEST_STEP][PASSED] - click(findTestObject("Object Repository/Amazon/TC_Amazon_003_FilteredSearch/Page_Online Shopping site in India Shop Onl_10c5f3/inputnav-search-submit-button")): Object: 'Object Repository/Amazon/TC_Amazon_003_FilteredSearch/Page_Online Shopping site in India Shop Onl_10c5f3/inputnav-search-submit-button' is clicked on

28-01-2024T18:58:07 - [MESSAGE][PASSED] - Object: 'Object Repository/Amazon/TC_Amazon_003_FilteredSearch/Page_Online Shopping site in India Shop Onl_10c5f3/inputnav-search-submit-button' is clicked on

28-01-2024T18:58:07 - [TEST_STEP][PASSED] - rightClick(findTestObject("Object Repository/Amazon/TC_Amazon_003_FilteredSearch/Page_Amazon.in  5g smartphone/span_Redmi 12 5G Moonstone Silver 6GB RAM 1_9b34f3")): Object: 'Object Repository/Amazon/TC_Amazon_003_FilteredSearch/Page_Amazon.in  5g smartphone/span_Redmi 12 5G Moonstone Silver 6GB RAM 1_9b34f3' is right clicked on

28-01-2024T18:58:09 - [MESSAGE][PASSED] - Object: 'Object Repository/Amazon/TC_Amazon_003_FilteredSearch/Page_Amazon.in  5g smartphone/span_Redmi 12 5G Moonstone Silver 6GB RAM 1_9b34f3' is right clicked on

28-01-2024T18:58:09 - [TEST_STEP][PASSED] - click(findTestObject("Object Repository/Amazon/TC_Amazon_003_FilteredSearch/Page_Amazon.in  5g smartphone/span_Samsung")): Object: 'Object Repository/Amazon/TC_Amazon_003_FilteredSearch/Page_Amazon.in  5g smartphone/span_Samsung' is clicked on

28-01-2024T18:58:12 - [MESSAGE][PASSED] - Object: 'Object Repository/Amazon/TC_Amazon_003_FilteredSearch/Page_Amazon.in  5g smartphone/span_Samsung' is clicked on

28-01-2024T18:58:12 - [TEST_STEP][PASSED] - rightClick(findTestObject("Object Repository/Amazon/TC_Amazon_003_FilteredSearch/Page_Amazon.in  5g smartphone/span_Samsung Galaxy S24 Ultra 5G (Titanium _5709df")): Object: 'Object Repository/Amazon/TC_Amazon_003_FilteredSearch/Page_Amazon.in  5g smartphone/span_Samsung Galaxy S24 Ultra 5G (Titanium _5709df' is right clicked on

28-01-2024T18:58:14 - [MESSAGE][PASSED] - Object: 'Object Repository/Amazon/TC_Amazon_003_FilteredSearch/Page_Amazon.in  5g smartphone/span_Samsung Galaxy S24 Ultra 5G (Titanium _5709df' is right clicked on

28-01-2024T18:58:14 - [TEST_STEP][PASSED] - click(findTestObject("Object Repository/Amazon/TC_Amazon_003_FilteredSearch/Page_Amazon.in  5g smartphone/span_Over 20,000")): Object: 'Object Repository/Amazon/TC_Amazon_003_FilteredSearch/Page_Amazon.in  5g smartphone/span_Over 20,000' is clicked on

28-01-2024T18:58:16 - [MESSAGE][PASSED] - Object: 'Object Repository/Amazon/TC_Amazon_003_FilteredSearch/Page_Amazon.in  5g smartphone/span_Over 20,000' is clicked on

28-01-2024T18:58:16 - [TEST_STEP][PASSED] - click(findTestObject("Object Repository/Amazon/TC_Amazon_003_FilteredSearch/Page_Amazon.in  5g smartphone/span_Electronics")): Object: 'Object Repository/Amazon/TC_Amazon_003_FilteredSearch/Page_Amazon.in  5g smartphone/span_Electronics' is clicked on

28-01-2024T18:58:19 - [MESSAGE][PASSED] - Object: 'Object Repository/Amazon/TC_Amazon_003_FilteredSearch/Page_Amazon.in  5g smartphone/span_Electronics' is clicked on

28-01-2024T18:58:19 - [TEST_STEP][PASSED] - click(findTestObject("Object Repository/Amazon/TC_Amazon_003_FilteredSearch/Page_Amazon.in  5g smartphone/i_a-icon a-icon-checkbox")): Object: 'Object Repository/Amazon/TC_Amazon_003_FilteredSearch/Page_Amazon.in  5g smartphone/i_a-icon a-icon-checkbox' is clicked on

28-01-2024T18:58:22 - [MESSAGE][PASSED] - Object: 'Object Repository/Amazon/TC_Amazon_003_FilteredSearch/Page_Amazon.in  5g smartphone/i_a-icon a-icon-checkbox' is clicked on

28-01-2024T18:58:22 - [TEST_STEP][PASSED] - click(findTestObject("Object Repository/Amazon/TC_Amazon_003_FilteredSearch/Page_Amazon.in  5g smartphone/label")): Object: 'Object Repository/Amazon/TC_Amazon_003_FilteredSearch/Page_Amazon.in  5g smartphone/label' is clicked on

28-01-2024T18:58:23 - [MESSAGE][PASSED] - Object: 'Object Repository/Amazon/TC_Amazon_003_FilteredSearch/Page_Amazon.in  5g smartphone/label' is clicked on

28-01-2024T18:58:23 - [TEST_STEP][PASSED] - rightClick(findTestObject("Object Repository/Amazon/TC_Amazon_003_FilteredSearch/Page_Amazon.in 5g Smartphone - Over 20,000 _ab46dd/span_OnePlus Nord CE 3 5G (Aqua Surge, 12GB_9fd44c")): Object: 'Object Repository/Amazon/TC_Amazon_003_FilteredSearch/Page_Amazon.in 5g Smartphone - Over 20,000 _ab46dd/span_OnePlus Nord CE 3 5G (Aqua Surge, 12GB_9fd44c' is right clicked on

28-01-2024T18:58:25 - [MESSAGE][PASSED] - Object: 'Object Repository/Amazon/TC_Amazon_003_FilteredSearch/Page_Amazon.in 5g Smartphone - Over 20,000 _ab46dd/span_OnePlus Nord CE 3 5G (Aqua Surge, 12GB_9fd44c' is right clicked on

28-01-2024T18:58:25 - [TEST_STEP][PASSED] - click(findTestObject("Object Repository/Amazon/TC_Amazon_003_FilteredSearch/Page_Amazon.in 5g Smartphone - Over 20,000 _ab46dd/div_SEARCH_DC_ASSETS_633895C,SEARCH_ATC_EXP_62a49c")): Object: 'Object Repository/Amazon/TC_Amazon_003_FilteredSearch/Page_Amazon.in 5g Smartphone - Over 20,000 _ab46dd/div_SEARCH_DC_ASSETS_633895C,SEARCH_ATC_EXP_62a49c' is clicked on

28-01-2024T18:58:26 - [MESSAGE][PASSED] - Object: 'Object Repository/Amazon/TC_Amazon_003_FilteredSearch/Page_Amazon.in 5g Smartphone - Over 20,000 _ab46dd/div_SEARCH_DC_ASSETS_633895C,SEARCH_ATC_EXP_62a49c' is clicked on

28-01-2024T18:58:26 - [TEST_STEP][PASSED] - click(findTestObject("Object Repository/Amazon/TC_Amazon_003_FilteredSearch/Page_Amazon.in 5g Smartphone - Over 20,000 _ab46dd/i_4 Stars  Up")): Object: 'Object Repository/Amazon/TC_Amazon_003_FilteredSearch/Page_Amazon.in 5g Smartphone - Over 20,000 _ab46dd/i_4 Stars  Up' is clicked on

28-01-2024T18:58:26 - [MESSAGE][PASSED] - Object: 'Object Repository/Amazon/TC_Amazon_003_FilteredSearch/Page_Amazon.in 5g Smartphone - Over 20,000 _ab46dd/i_4 Stars  Up' is clicked on

28-01-2024T18:58:26 - [TEST_STEP][PASSED] - rightClick(findTestObject("Object Repository/Amazon/TC_Amazon_003_FilteredSearch/Page_Amazon.in 5g Smartphone - Over 20,000 _11e26c/i_4.1 out of 5 stars")): Object: 'Object Repository/Amazon/TC_Amazon_003_FilteredSearch/Page_Amazon.in 5g Smartphone - Over 20,000 _11e26c/i_4.1 out of 5 stars' is right clicked on

28-01-2024T18:58:26 - [MESSAGE][PASSED] - Object: 'Object Repository/Amazon/TC_Amazon_003_FilteredSearch/Page_Amazon.in 5g Smartphone - Over 20,000 _11e26c/i_4.1 out of 5 stars' is right clicked on

28-01-2024T18:58:26 - [TEST_STEP][PASSED] - click(findTestObject("Object Repository/Amazon/TC_Amazon_003_FilteredSearch/Page_Amazon.in 5g Smartphone - Over 20,000 _11e26c/div_Check each product page for other buyin_faa9a5")): Object: 'Object Repository/Amazon/TC_Amazon_003_FilteredSearch/Page_Amazon.in 5g Smartphone - Over 20,000 _11e26c/div_Check each product page for other buyin_faa9a5' is clicked on

28-01-2024T18:58:27 - [MESSAGE][PASSED] - Object: 'Object Repository/Amazon/TC_Amazon_003_FilteredSearch/Page_Amazon.in 5g Smartphone - Over 20,000 _11e26c/div_Check each product page for other buyin_faa9a5' is clicked on

28-01-2024T18:58:27 - [TEST_STEP][PASSED] - closeBrowser(): Browser is closed

28-01-2024T18:58:27 - [MESSAGE][PASSED] - Browser is closed]]></system-out>
         <system-err><![CDATA[]]></system-err>
      </testcase>
      <testcase name="Test Cases/Amazon/TC_Amazon_004" time="89.036" classname="Test Cases/Amazon/TC_Amazon_004" status="PASSED">
         <system-out><![CDATA[28-01-2024T18:58:27 - [TEST_CASE][PASSED] - Test Cases/Amazon/TC_Amazon_004: Test Cases/Amazon/TC_Amazon_004

28-01-2024T18:58:27 - [TEST_STEP][PASSED] - openBrowser(""): Browser is opened with url: ''

28-01-2024T18:58:27 - [MESSAGE][INFO] - Starting 'Chrome' driver

28-01-2024T18:58:27 - [MESSAGE][INFO] - Action delay is set to 0 milliseconds

28-01-2024T18:58:27 - [MESSAGE][PASSED] - Browser is opened with url: ''

28-01-2024T18:58:27 - [TEST_STEP][PASSED] - maximizeWindow(): Current window maximized

28-01-2024T18:58:27 - [MESSAGE][PASSED] - Current window maximized

28-01-2024T18:58:27 - [TEST_STEP][PASSED] - navigateToUrl("https://www.amazon.in/"): Navigate to 'https://www.amazon.in/' successfully

28-01-2024T18:58:31 - [MESSAGE][PASSED] - Navigate to 'https://www.amazon.in/' successfully

28-01-2024T18:58:31 - [TEST_STEP][PASSED] - setText(findTestObject("Object Repository/Amazon/TC_Amazon_004_SortedSearch/Page_Online Shopping site in India Shop Onl_10c5f3/input_field-keywords"), "4k tv"): Text '4k tv' is set on object 'Object Repository/Amazon/TC_Amazon_004_SortedSearch/Page_Online Shopping site in India Shop Onl_10c5f3/input_field-keywords'

28-01-2024T18:58:32 - [MESSAGE][PASSED] - Text '4k tv' is set on object 'Object Repository/Amazon/TC_Amazon_004_SortedSearch/Page_Online Shopping site in India Shop Onl_10c5f3/input_field-keywords'

28-01-2024T18:58:32 - [TEST_STEP][PASSED] - click(findTestObject("Amazon/TC_Amazon_002_ItemSearch/Page_Amazon.in  Amazon Echo/inputnav-search-submit-button")): Object: 'Object Repository/Amazon/TC_Amazon_002_ItemSearch/Page_Amazon.in  Amazon Echo/inputnav-search-submit-button' is clicked on

28-01-2024T18:58:37 - [MESSAGE][PASSED] - Object: 'Object Repository/Amazon/TC_Amazon_002_ItemSearch/Page_Amazon.in  Amazon Echo/inputnav-search-submit-button' is clicked on

28-01-2024T18:58:37 - [TEST_STEP][PASSED] - verifyElementPresent(findTestObject("Object Repository/Amazon/TC_Amazon_004_SortedSearch/Page_Amazon.in  4k tv/span_108 cm (43 inches) Y Series 4K Ultra H_c3a727"), 0): Object 'Object Repository/Amazon/TC_Amazon_004_SortedSearch/Page_Amazon.in  4k tv/span_108 cm (43 inches) Y Series 4K Ultra H_c3a727' is present

28-01-2024T18:58:37 - [MESSAGE][WARNING] - Timeout '0' is invalid. Using default page load timeout: '30'

28-01-2024T18:58:38 - [MESSAGE][PASSED] - Object 'Object Repository/Amazon/TC_Amazon_004_SortedSearch/Page_Amazon.in  4k tv/span_108 cm (43 inches) Y Series 4K Ultra H_c3a727' is present

28-01-2024T18:58:38 - [TEST_STEP][PASSED] - verifyElementPresent(findTestObject("Object Repository/Amazon/TC_Amazon_004_SortedSearch/Page_Amazon.in  4k tv/span_Sort byFeatured"), 0): Object 'Object Repository/Amazon/TC_Amazon_004_SortedSearch/Page_Amazon.in  4k tv/span_Sort byFeatured' is present

28-01-2024T18:58:38 - [MESSAGE][WARNING] - Timeout '0' is invalid. Using default page load timeout: '30'

28-01-2024T18:58:38 - [MESSAGE][PASSED] - Object 'Object Repository/Amazon/TC_Amazon_004_SortedSearch/Page_Amazon.in  4k tv/span_Sort byFeatured' is present

28-01-2024T18:58:38 - [TEST_STEP][PASSED] - click(findTestObject("Object Repository/Amazon/TC_Amazon_004_SortedSearch/Page_Amazon.in  4k tv/span_Sort byFeatured_1")): Object: 'Object Repository/Amazon/TC_Amazon_004_SortedSearch/Page_Amazon.in  4k tv/span_Sort byFeatured_1' is clicked on

28-01-2024T18:58:38 - [MESSAGE][PASSED] - Object: 'Object Repository/Amazon/TC_Amazon_004_SortedSearch/Page_Amazon.in  4k tv/span_Sort byFeatured_1' is clicked on

28-01-2024T18:58:38 - [TEST_STEP][PASSED] - verifyElementPresent(findTestObject("Object Repository/Amazon/TC_Amazon_004_SortedSearch/Page_Amazon.in  4k tv/a_Price Low to High"), 0): Object 'Object Repository/Amazon/TC_Amazon_004_SortedSearch/Page_Amazon.in  4k tv/a_Price Low to High' is present

28-01-2024T18:58:39 - [MESSAGE][WARNING] - Timeout '0' is invalid. Using default page load timeout: '30'

28-01-2024T18:58:39 - [MESSAGE][PASSED] - Object 'Object Repository/Amazon/TC_Amazon_004_SortedSearch/Page_Amazon.in  4k tv/a_Price Low to High' is present

28-01-2024T18:58:39 - [TEST_STEP][PASSED] - click(findTestObject("Object Repository/Amazon/TC_Amazon_004_SortedSearch/Page_Amazon.in  4k tv/a_Price Low to High")): Object: 'Object Repository/Amazon/TC_Amazon_004_SortedSearch/Page_Amazon.in  4k tv/a_Price Low to High' is clicked on

28-01-2024T18:58:39 - [MESSAGE][PASSED] - Object: 'Object Repository/Amazon/TC_Amazon_004_SortedSearch/Page_Amazon.in  4k tv/a_Price Low to High' is clicked on

28-01-2024T18:58:39 - [TEST_STEP][PASSED] - verifyElementPresent(findTestObject("Object Repository/Amazon/TC_Amazon_004_SortedSearch/Page_Amazon.in 4k Tv/span_108 cm (43 inches) 4K Ultra HD Smart L_adcb75"), 0): Object 'Object Repository/Amazon/TC_Amazon_004_SortedSearch/Page_Amazon.in 4k Tv/span_108 cm (43 inches) 4K Ultra HD Smart L_adcb75' is present

28-01-2024T18:58:39 - [MESSAGE][WARNING] - Timeout '0' is invalid. Using default page load timeout: '30'

28-01-2024T18:58:41 - [MESSAGE][PASSED] - Object 'Object Repository/Amazon/TC_Amazon_004_SortedSearch/Page_Amazon.in 4k Tv/span_108 cm (43 inches) 4K Ultra HD Smart L_adcb75' is present

28-01-2024T18:58:41 - [TEST_STEP][PASSED] - click(findTestObject("Object Repository/Amazon/TC_Amazon_004_SortedSearch/Page_Amazon.in 4k Tv/span_Price Low to High")): Object: 'Object Repository/Amazon/TC_Amazon_004_SortedSearch/Page_Amazon.in 4k Tv/span_Price Low to High' is clicked on

28-01-2024T18:58:42 - [MESSAGE][PASSED] - Object: 'Object Repository/Amazon/TC_Amazon_004_SortedSearch/Page_Amazon.in 4k Tv/span_Price Low to High' is clicked on

28-01-2024T18:58:42 - [TEST_STEP][PASSED] - verifyElementPresent(findTestObject("Object Repository/Amazon/TC_Amazon_004_SortedSearch/Page_Amazon.in 4k Tv/a_Price High to Low"), 0): Object 'Object Repository/Amazon/TC_Amazon_004_SortedSearch/Page_Amazon.in 4k Tv/a_Price High to Low' is present

28-01-2024T18:58:42 - [MESSAGE][WARNING] - Timeout '0' is invalid. Using default page load timeout: '30'

28-01-2024T18:58:42 - [MESSAGE][PASSED] - Object 'Object Repository/Amazon/TC_Amazon_004_SortedSearch/Page_Amazon.in 4k Tv/a_Price High to Low' is present

28-01-2024T18:58:42 - [TEST_STEP][PASSED] - click(findTestObject("Object Repository/Amazon/TC_Amazon_004_SortedSearch/Page_Amazon.in 4k Tv/a_Price High to Low")): Object: 'Object Repository/Amazon/TC_Amazon_004_SortedSearch/Page_Amazon.in 4k Tv/a_Price High to Low' is clicked on

28-01-2024T18:58:43 - [MESSAGE][PASSED] - Object: 'Object Repository/Amazon/TC_Amazon_004_SortedSearch/Page_Amazon.in 4k Tv/a_Price High to Low' is clicked on

28-01-2024T18:58:43 - [TEST_STEP][PASSED] - verifyElementPresent(findTestObject("Object Repository/Amazon/TC_Amazon_004_SortedSearch/Page_Amazon.in 4k Tv/span_248 cms (98 inches) Masterpiece Series_78ee7b"), 0): Object 'Object Repository/Amazon/TC_Amazon_004_SortedSearch/Page_Amazon.in 4k Tv/span_248 cms (98 inches) Masterpiece Series_78ee7b' is present

28-01-2024T18:58:43 - [MESSAGE][WARNING] - Timeout '0' is invalid. Using default page load timeout: '30'

28-01-2024T18:58:45 - [MESSAGE][PASSED] - Object 'Object Repository/Amazon/TC_Amazon_004_SortedSearch/Page_Amazon.in 4k Tv/span_248 cms (98 inches) Masterpiece Series_78ee7b' is present

28-01-2024T18:58:45 - [TEST_STEP][PASSED] - click(findTestObject("Object Repository/Amazon/TC_Amazon_004_SortedSearch/Page_Amazon.in 4k Tv/span_Price High to Low")): Object: 'Object Repository/Amazon/TC_Amazon_004_SortedSearch/Page_Amazon.in 4k Tv/span_Price High to Low' is clicked on

28-01-2024T18:58:45 - [MESSAGE][PASSED] - Object: 'Object Repository/Amazon/TC_Amazon_004_SortedSearch/Page_Amazon.in 4k Tv/span_Price High to Low' is clicked on

28-01-2024T18:58:45 - [TEST_STEP][PASSED] - verifyElementPresent(findTestObject("Object Repository/Amazon/TC_Amazon_004_SortedSearch/Page_Amazon.in 4k Tv/a_Avg. Customer Review"), 0): Object 'Object Repository/Amazon/TC_Amazon_004_SortedSearch/Page_Amazon.in 4k Tv/a_Avg. Customer Review' is present

28-01-2024T18:58:45 - [MESSAGE][WARNING] - Timeout '0' is invalid. Using default page load timeout: '30'

28-01-2024T18:58:46 - [MESSAGE][PASSED] - Object 'Object Repository/Amazon/TC_Amazon_004_SortedSearch/Page_Amazon.in 4k Tv/a_Avg. Customer Review' is present

28-01-2024T18:58:46 - [TEST_STEP][PASSED] - click(findTestObject("Object Repository/Amazon/TC_Amazon_004_SortedSearch/Page_Amazon.in 4k Tv/a_Avg. Customer Review")): Object: 'Object Repository/Amazon/TC_Amazon_004_SortedSearch/Page_Amazon.in 4k Tv/a_Avg. Customer Review' is clicked on

28-01-2024T18:58:46 - [MESSAGE][PASSED] - Object: 'Object Repository/Amazon/TC_Amazon_004_SortedSearch/Page_Amazon.in 4k Tv/a_Avg. Customer Review' is clicked on

28-01-2024T18:58:46 - [TEST_STEP][PASSED] - verifyElementPresent(findTestObject("Object Repository/Amazon/TC_Amazon_004_SortedSearch/Page_Amazon.in 4k Tv/i_4.8 out of 5 stars"), 0): Object 'Object Repository/Amazon/TC_Amazon_004_SortedSearch/Page_Amazon.in 4k Tv/i_4.8 out of 5 stars' is present

28-01-2024T18:58:46 - [MESSAGE][WARNING] - Timeout '0' is invalid. Using default page load timeout: '30'

28-01-2024T18:58:48 - [MESSAGE][PASSED] - Object 'Object Repository/Amazon/TC_Amazon_004_SortedSearch/Page_Amazon.in 4k Tv/i_4.8 out of 5 stars' is present

28-01-2024T18:58:48 - [TEST_STEP][PASSED] - click(findTestObject("Object Repository/Amazon/TC_Amazon_004_SortedSearch/Page_Amazon.in 4k Tv/span_Avg. Customer Review")): Object: 'Object Repository/Amazon/TC_Amazon_004_SortedSearch/Page_Amazon.in 4k Tv/span_Avg. Customer Review' is clicked on

28-01-2024T18:59:19 - [MESSAGE][INFO] - Unable to find the element located by 'By.xpath: //span[@id='a-autoid-10-announce']/span[2]'. Please recheck the objects properties to make sure the desired element is located. 

28-01-2024T18:59:19 - [MESSAGE][WARNING] - [SELF-HEALING] Failed to find element with id 'Object Repository/Amazon/TC_Amazon_004_SortedSearch/Page_Amazon.in 4k Tv/span_Avg. Customer Review'. Try using Self-healing.

28-01-2024T18:59:20 - [MESSAGE][INFO] - [SELF-HEALING] Failed Locator: '//span[@id='a-autoid-10-announce']/span[2]'.

28-01-2024T18:59:20 - [MESSAGE][INFO] - [SELF-HEALING] Working Locator: '//span/span/span/span[2]'.

28-01-2024T18:59:20 - [MESSAGE][INFO] - [SELF-HEALING] Screenshot: C:/Users/nizam/Katalon Studio/Amazon/Reports/Self-healing/Object Repository/Amazon/TC_Amazon_004_SortedSearch/Page_Amazon.in 4k Tv/span_Avg. Customer Review_position.png

28-01-2024T18:59:20 - [MESSAGE][WARNING] - [SELF-HEALING] The current locator of test object 'Object Repository/Amazon/TC_Amazon_004_SortedSearch/Page_Amazon.in 4k Tv/span_Avg. Customer Review' was broken. Propose an alternative one: '//span/span/span/span[2]'.

28-01-2024T18:59:20 - [MESSAGE][PASSED] - Object: 'Object Repository/Amazon/TC_Amazon_004_SortedSearch/Page_Amazon.in 4k Tv/span_Avg. Customer Review' is clicked on

28-01-2024T18:59:20 - [TEST_STEP][PASSED] - verifyElementPresent(findTestObject("Object Repository/Amazon/TC_Amazon_004_SortedSearch/Page_Amazon.in 4k Tv/a_Newest Arrivals"), 0): Object 'Object Repository/Amazon/TC_Amazon_004_SortedSearch/Page_Amazon.in 4k Tv/a_Newest Arrivals' is present

28-01-2024T18:59:20 - [MESSAGE][WARNING] - Timeout '0' is invalid. Using default page load timeout: '30'

28-01-2024T18:59:21 - [MESSAGE][PASSED] - Object 'Object Repository/Amazon/TC_Amazon_004_SortedSearch/Page_Amazon.in 4k Tv/a_Newest Arrivals' is present

28-01-2024T18:59:21 - [TEST_STEP][PASSED] - click(findTestObject("Object Repository/Amazon/TC_Amazon_004_SortedSearch/Page_Amazon.in 4k Tv/a_Newest Arrivals")): Object: 'Object Repository/Amazon/TC_Amazon_004_SortedSearch/Page_Amazon.in 4k Tv/a_Newest Arrivals' is clicked on

28-01-2024T18:59:21 - [MESSAGE][PASSED] - Object: 'Object Repository/Amazon/TC_Amazon_004_SortedSearch/Page_Amazon.in 4k Tv/a_Newest Arrivals' is clicked on

28-01-2024T18:59:21 - [TEST_STEP][PASSED] - click(findTestObject("Object Repository/Amazon/TC_Amazon_004_SortedSearch/Page_Amazon.in 4k Tv/span_Newest Arrivals")): Object: 'Object Repository/Amazon/TC_Amazon_004_SortedSearch/Page_Amazon.in 4k Tv/span_Newest Arrivals' is clicked on

28-01-2024T18:59:52 - [MESSAGE][INFO] - Unable to find the element located by 'By.xpath: //span[@id='a-autoid-13-announce']/span[2]'. Please recheck the objects properties to make sure the desired element is located. 

28-01-2024T18:59:52 - [MESSAGE][WARNING] - [SELF-HEALING] Failed to find element with id 'Object Repository/Amazon/TC_Amazon_004_SortedSearch/Page_Amazon.in 4k Tv/span_Newest Arrivals'. Try using Self-healing.

28-01-2024T18:59:52 - [MESSAGE][INFO] - [SELF-HEALING] Failed Locator: '//span[@id='a-autoid-13-announce']/span[2]'.

28-01-2024T18:59:53 - [MESSAGE][INFO] - [SELF-HEALING] Working Locator: '//span/span/span/span[2]'.

28-01-2024T18:59:53 - [MESSAGE][INFO] - [SELF-HEALING] Screenshot: C:/Users/nizam/Katalon Studio/Amazon/Reports/Self-healing/Object Repository/Amazon/TC_Amazon_004_SortedSearch/Page_Amazon.in 4k Tv/span_Newest Arrivals_position.png

28-01-2024T18:59:53 - [MESSAGE][WARNING] - [SELF-HEALING] The current locator of test object 'Object Repository/Amazon/TC_Amazon_004_SortedSearch/Page_Amazon.in 4k Tv/span_Newest Arrivals' was broken. Propose an alternative one: '//span/span/span/span[2]'.

28-01-2024T18:59:53 - [MESSAGE][PASSED] - Object: 'Object Repository/Amazon/TC_Amazon_004_SortedSearch/Page_Amazon.in 4k Tv/span_Newest Arrivals' is clicked on

28-01-2024T18:59:53 - [TEST_STEP][PASSED] - verifyElementPresent(findTestObject("Object Repository/Amazon/TC_Amazon_004_SortedSearch/Page_Amazon.in 4k Tv/a_Featured"), 0): Object 'Object Repository/Amazon/TC_Amazon_004_SortedSearch/Page_Amazon.in 4k Tv/a_Featured' is present

28-01-2024T18:59:53 - [MESSAGE][WARNING] - Timeout '0' is invalid. Using default page load timeout: '30'

28-01-2024T18:59:53 - [MESSAGE][PASSED] - Object 'Object Repository/Amazon/TC_Amazon_004_SortedSearch/Page_Amazon.in 4k Tv/a_Featured' is present

28-01-2024T18:59:53 - [TEST_STEP][PASSED] - click(findTestObject("Object Repository/Amazon/TC_Amazon_004_SortedSearch/Page_Amazon.in 4k Tv/a_Featured")): Object: 'Object Repository/Amazon/TC_Amazon_004_SortedSearch/Page_Amazon.in 4k Tv/a_Featured' is clicked on

28-01-2024T18:59:54 - [MESSAGE][PASSED] - Object: 'Object Repository/Amazon/TC_Amazon_004_SortedSearch/Page_Amazon.in 4k Tv/a_Featured' is clicked on

28-01-2024T18:59:54 - [TEST_STEP][PASSED] - rightClick(findTestObject("Object Repository/Amazon/TC_Amazon_004_SortedSearch/Page_Amazon.in 4k Tv/span_108 cm (43 inches) Y Series 4K Ultra H_c3a727")): Object: 'Object Repository/Amazon/TC_Amazon_004_SortedSearch/Page_Amazon.in 4k Tv/span_108 cm (43 inches) Y Series 4K Ultra H_c3a727' is right clicked on

28-01-2024T18:59:56 - [MESSAGE][PASSED] - Object: 'Object Repository/Amazon/TC_Amazon_004_SortedSearch/Page_Amazon.in 4k Tv/span_108 cm (43 inches) Y Series 4K Ultra H_c3a727' is right clicked on

28-01-2024T18:59:56 - [TEST_STEP][PASSED] - closeBrowser(): Browser is closed

28-01-2024T18:59:56 - [MESSAGE][PASSED] - Browser is closed]]></system-out>
         <system-err><![CDATA[]]></system-err>
      </testcase>
      <testcase name="Test Cases/Amazon/TC_Amazon_005" time="12.621" classname="Test Cases/Amazon/TC_Amazon_005" status="PASSED">
         <system-out><![CDATA[28-01-2024T18:59:56 - [TEST_CASE][PASSED] - Test Cases/Amazon/TC_Amazon_005: Test Cases/Amazon/TC_Amazon_005

28-01-2024T18:59:56 - [TEST_STEP][PASSED] - openBrowser(""): Browser is opened with url: ''

28-01-2024T18:59:56 - [MESSAGE][INFO] - Starting 'Chrome' driver

28-01-2024T18:59:56 - [MESSAGE][INFO] - Action delay is set to 0 milliseconds

28-01-2024T18:59:56 - [MESSAGE][PASSED] - Browser is opened with url: ''

28-01-2024T18:59:56 - [TEST_STEP][PASSED] - maximizeWindow(): Current window maximized

28-01-2024T18:59:56 - [MESSAGE][PASSED] - Current window maximized

28-01-2024T18:59:56 - [TEST_STEP][PASSED] - navigateToUrl("https://www.amazon.in/"): Navigate to 'https://www.amazon.in/' successfully

28-01-2024T18:59:59 - [MESSAGE][PASSED] - Navigate to 'https://www.amazon.in/' successfully

28-01-2024T18:59:59 - [TEST_STEP][PASSED] - verifyElementPresent(findTestObject("Object Repository/Amazon/TC_Amazon_005_SignUp/Page_Online Shopping site in India Shop Onl_10c5f3/a_Hello, sign in  Account  Lists"), 0): Object 'Object Repository/Amazon/TC_Amazon_005_SignUp/Page_Online Shopping site in India Shop Onl_10c5f3/a_Hello, sign in  Account  Lists' is present

28-01-2024T18:59:59 - [MESSAGE][WARNING] - Timeout '0' is invalid. Using default page load timeout: '30'

28-01-2024T19:00:00 - [MESSAGE][PASSED] - Object 'Object Repository/Amazon/TC_Amazon_005_SignUp/Page_Online Shopping site in India Shop Onl_10c5f3/a_Hello, sign in  Account  Lists' is present

28-01-2024T19:00:00 - [TEST_STEP][PASSED] - click(findTestObject("Object Repository/Amazon/TC_Amazon_005_SignUp/Page_Online Shopping site in India Shop Onl_10c5f3/a_Hello, sign in  Account  Lists")): Object: 'Object Repository/Amazon/TC_Amazon_005_SignUp/Page_Online Shopping site in India Shop Onl_10c5f3/a_Hello, sign in  Account  Lists' is clicked on

28-01-2024T19:00:02 - [MESSAGE][PASSED] - Object: 'Object Repository/Amazon/TC_Amazon_005_SignUp/Page_Online Shopping site in India Shop Onl_10c5f3/a_Hello, sign in  Account  Lists' is clicked on

28-01-2024T19:00:02 - [TEST_STEP][PASSED] - verifyElementPresent(findTestObject("Object Repository/Amazon/TC_Amazon_005_SignUp/Page_Amazon Sign In/a_Create your Amazon account"), 0): Object 'Object Repository/Amazon/TC_Amazon_005_SignUp/Page_Amazon Sign In/a_Create your Amazon account' is present

28-01-2024T19:00:02 - [MESSAGE][WARNING] - Timeout '0' is invalid. Using default page load timeout: '30'

28-01-2024T19:00:03 - [MESSAGE][PASSED] - Object 'Object Repository/Amazon/TC_Amazon_005_SignUp/Page_Amazon Sign In/a_Create your Amazon account' is present

28-01-2024T19:00:03 - [TEST_STEP][PASSED] - click(findTestObject("Object Repository/Amazon/TC_Amazon_005_SignUp/Page_Amazon Sign In/a_Create your Amazon account")): Object: 'Object Repository/Amazon/TC_Amazon_005_SignUp/Page_Amazon Sign In/a_Create your Amazon account' is clicked on

28-01-2024T19:00:04 - [MESSAGE][PASSED] - Object: 'Object Repository/Amazon/TC_Amazon_005_SignUp/Page_Amazon Sign In/a_Create your Amazon account' is clicked on

28-01-2024T19:00:04 - [TEST_STEP][PASSED] - verifyElementPresent(findTestObject("Object Repository/Amazon/TC_Amazon_005_SignUp/Page_Amazon Registration/h1_Create Account"), 0): Object 'Object Repository/Amazon/TC_Amazon_005_SignUp/Page_Amazon Registration/h1_Create Account' is present

28-01-2024T19:00:04 - [MESSAGE][WARNING] - Timeout '0' is invalid. Using default page load timeout: '30'

28-01-2024T19:00:05 - [MESSAGE][PASSED] - Object 'Object Repository/Amazon/TC_Amazon_005_SignUp/Page_Amazon Registration/h1_Create Account' is present

28-01-2024T19:00:05 - [TEST_STEP][PASSED] - setText(findTestObject("Object Repository/Amazon/TC_Amazon_005_SignUp/Page_Amazon Registration/input_customerName"), "Vladimir Putin"): Text 'Vladimir Putin' is set on object 'Object Repository/Amazon/TC_Amazon_005_SignUp/Page_Amazon Registration/input_customerName'

28-01-2024T19:00:05 - [MESSAGE][PASSED] - Text 'Vladimir Putin' is set on object 'Object Repository/Amazon/TC_Amazon_005_SignUp/Page_Amazon Registration/input_customerName'

28-01-2024T19:00:05 - [TEST_STEP][PASSED] - setText(findTestObject("Object Repository/Amazon/TC_Amazon_005_SignUp/Page_Amazon Registration/input_email"), "9876543210"): Text '9876543210' is set on object 'Object Repository/Amazon/TC_Amazon_005_SignUp/Page_Amazon Registration/input_email'

28-01-2024T19:00:06 - [MESSAGE][PASSED] - Text '9876543210' is set on object 'Object Repository/Amazon/TC_Amazon_005_SignUp/Page_Amazon Registration/input_email'

28-01-2024T19:00:06 - [TEST_STEP][PASSED] - setText(findTestObject("Object Repository/Amazon/TC_Amazon_005_SignUp/Page_Amazon Registration/input_secondaryLoginClaim"), "VladimirPutin@gmail.com"): Text 'VladimirPutin@gmail.com' is set on object 'Object Repository/Amazon/TC_Amazon_005_SignUp/Page_Amazon Registration/input_secondaryLoginClaim'

28-01-2024T19:00:06 - [MESSAGE][PASSED] - Text 'VladimirPutin@gmail.com' is set on object 'Object Repository/Amazon/TC_Amazon_005_SignUp/Page_Amazon Registration/input_secondaryLoginClaim'

28-01-2024T19:00:06 - [TEST_STEP][PASSED] - setEncryptedText(findTestObject("Object Repository/Amazon/TC_Amazon_005_SignUp/Page_Amazon Registration/input_password"), "/iU0mF259Yuz6GJQpt5TBA=="): Text ****** has been set on object 'Object Repository/Amazon/TC_Amazon_005_SignUp/Page_Amazon Registration/input_password'

28-01-2024T19:00:07 - [MESSAGE][PASSED] - Text ****** has been set on object 'Object Repository/Amazon/TC_Amazon_005_SignUp/Page_Amazon Registration/input_password'

28-01-2024T19:00:07 - [TEST_STEP][PASSED] - verifyElementPresent(findTestObject("Object Repository/Amazon/TC_Amazon_005_SignUp/Page_Amazon Registration/div_Please Enable Cookies to Continue      _3a9ca0"), 0): Object 'Object Repository/Amazon/TC_Amazon_005_SignUp/Page_Amazon Registration/div_Please Enable Cookies to Continue      _3a9ca0' is present

28-01-2024T19:00:07 - [MESSAGE][WARNING] - Timeout '0' is invalid. Using default page load timeout: '30'

28-01-2024T19:00:07 - [MESSAGE][PASSED] - Object 'Object Repository/Amazon/TC_Amazon_005_SignUp/Page_Amazon Registration/div_Please Enable Cookies to Continue      _3a9ca0' is present

28-01-2024T19:00:07 - [TEST_STEP][PASSED] - click(findTestObject("Object Repository/Amazon/TC_Amazon_005_SignUp/Page_Amazon Registration/inputcontinue")): Object: 'Object Repository/Amazon/TC_Amazon_005_SignUp/Page_Amazon Registration/inputcontinue' is clicked on

28-01-2024T19:00:08 - [MESSAGE][PASSED] - Object: 'Object Repository/Amazon/TC_Amazon_005_SignUp/Page_Amazon Registration/inputcontinue' is clicked on

28-01-2024T19:00:08 - [TEST_STEP][PASSED] - closeBrowser(): Browser is closed

28-01-2024T19:00:08 - [MESSAGE][PASSED] - Browser is closed]]></system-out>
         <system-err><![CDATA[]]></system-err>
      </testcase>
      <testcase name="Test Cases/Amazon/TC_Amazon_006" time="11.426" classname="Test Cases/Amazon/TC_Amazon_006" status="PASSED">
         <system-out><![CDATA[28-01-2024T19:00:08 - [TEST_CASE][PASSED] - Test Cases/Amazon/TC_Amazon_006: Test Cases/Amazon/TC_Amazon_006

28-01-2024T19:00:08 - [TEST_STEP][PASSED] - openBrowser(""): Browser is opened with url: ''

28-01-2024T19:00:08 - [MESSAGE][INFO] - Starting 'Chrome' driver

28-01-2024T19:00:08 - [MESSAGE][INFO] - Action delay is set to 0 milliseconds

28-01-2024T19:00:09 - [MESSAGE][PASSED] - Browser is opened with url: ''

28-01-2024T19:00:09 - [TEST_STEP][PASSED] - navigateToUrl("https://www.amazon.in/"): Navigate to 'https://www.amazon.in/' successfully

28-01-2024T19:00:11 - [MESSAGE][PASSED] - Navigate to 'https://www.amazon.in/' successfully

28-01-2024T19:00:11 - [TEST_STEP][PASSED] - maximizeWindow(): Current window maximized

28-01-2024T19:00:11 - [MESSAGE][PASSED] - Current window maximized

28-01-2024T19:00:11 - [TEST_STEP][PASSED] - verifyElementPresent(findTestObject("Object Repository/Amazon/TC_Amazon_006_SignIn/Page_Online Shopping site in India Shop Onl_10c5f3/a_Hello, sign in  Account  Lists"), 0): Object 'Object Repository/Amazon/TC_Amazon_006_SignIn/Page_Online Shopping site in India Shop Onl_10c5f3/a_Hello, sign in  Account  Lists' is present

28-01-2024T19:00:11 - [MESSAGE][WARNING] - Timeout '0' is invalid. Using default page load timeout: '30'

28-01-2024T19:00:12 - [MESSAGE][PASSED] - Object 'Object Repository/Amazon/TC_Amazon_006_SignIn/Page_Online Shopping site in India Shop Onl_10c5f3/a_Hello, sign in  Account  Lists' is present

28-01-2024T19:00:12 - [TEST_STEP][PASSED] - verifyElementText(findTestObject("Object Repository/Amazon/TC_Amazon_006_SignIn/Page_Online Shopping site in India Shop Onl_10c5f3/span_Hello, sign in"), "Hello, sign in"): Actual text and expected text of test object 'Object Repository/Amazon/TC_Amazon_006_SignIn/Page_Online Shopping site in India Shop Onl_10c5f3/span_Hello, sign in' are matched.

28-01-2024T19:00:13 - [MESSAGE][PASSED] - Actual text and expected text of test object 'Object Repository/Amazon/TC_Amazon_006_SignIn/Page_Online Shopping site in India Shop Onl_10c5f3/span_Hello, sign in' are matched.

28-01-2024T19:00:13 - [TEST_STEP][PASSED] - click(findTestObject("Object Repository/Amazon/TC_Amazon_006_SignIn/Page_Online Shopping site in India Shop Onl_10c5f3/a_Hello, sign in  Account  Lists"), STOP_ON_FAILURE): Object: 'Object Repository/Amazon/TC_Amazon_006_SignIn/Page_Online Shopping site in India Shop Onl_10c5f3/a_Hello, sign in  Account  Lists' is clicked on

28-01-2024T19:00:14 - [MESSAGE][PASSED] - Object: 'Object Repository/Amazon/TC_Amazon_006_SignIn/Page_Online Shopping site in India Shop Onl_10c5f3/a_Hello, sign in  Account  Lists' is clicked on

28-01-2024T19:00:14 - [TEST_STEP][PASSED] - setText(findTestObject("Object Repository/Amazon/TC_Amazon_006_SignIn/Page_Amazon Sign In/input_email"), "nizamuddin1603@gmail.com"): Text 'nizamuddin1603@gmail.com' is set on object 'Object Repository/Amazon/TC_Amazon_006_SignIn/Page_Amazon Sign In/input_email'

28-01-2024T19:00:15 - [MESSAGE][PASSED] - Text 'nizamuddin1603@gmail.com' is set on object 'Object Repository/Amazon/TC_Amazon_006_SignIn/Page_Amazon Sign In/input_email'

28-01-2024T19:00:15 - [TEST_STEP][PASSED] - click(findTestObject("Object Repository/Amazon/TC_Amazon_006_SignIn/Page_Amazon Sign In/inputcontinue")): Object: 'Object Repository/Amazon/TC_Amazon_006_SignIn/Page_Amazon Sign In/inputcontinue' is clicked on

28-01-2024T19:00:16 - [MESSAGE][PASSED] - Object: 'Object Repository/Amazon/TC_Amazon_006_SignIn/Page_Amazon Sign In/inputcontinue' is clicked on

28-01-2024T19:00:16 - [TEST_STEP][PASSED] - setEncryptedText(findTestObject("Object Repository/Amazon/TC_Amazon_006_SignIn/Page_Amazon Sign In/input_password"), "vXA07Bf7CSootDbf/pTjag=="): Text ****** has been set on object 'Object Repository/Amazon/TC_Amazon_006_SignIn/Page_Amazon Sign In/input_password'

28-01-2024T19:00:17 - [MESSAGE][PASSED] - Text ****** has been set on object 'Object Repository/Amazon/TC_Amazon_006_SignIn/Page_Amazon Sign In/input_password'

28-01-2024T19:00:17 - [TEST_STEP][PASSED] - click(findTestObject("Object Repository/Amazon/TC_Amazon_006_SignIn/Page_Amazon Sign In/inputsignInSubmit")): Object: 'Object Repository/Amazon/TC_Amazon_006_SignIn/Page_Amazon Sign In/inputsignInSubmit' is clicked on

28-01-2024T19:00:17 - [MESSAGE][PASSED] - Object: 'Object Repository/Amazon/TC_Amazon_006_SignIn/Page_Amazon Sign In/inputsignInSubmit' is clicked on

28-01-2024T19:00:17 - [TEST_STEP][PASSED] - verifyElementPresent(findTestObject("Object Repository/Amazon/TC_Amazon_006_SignIn/Page_Amazon Sign In/div_There was a problem                    _7a87af"), 0): Object 'Object Repository/Amazon/TC_Amazon_006_SignIn/Page_Amazon Sign In/div_There was a problem                    _7a87af' is present

28-01-2024T19:00:17 - [MESSAGE][WARNING] - Timeout '0' is invalid. Using default page load timeout: '30'

28-01-2024T19:00:20 - [MESSAGE][PASSED] - Object 'Object Repository/Amazon/TC_Amazon_006_SignIn/Page_Amazon Sign In/div_There was a problem                    _7a87af' is present

28-01-2024T19:00:20 - [TEST_STEP][PASSED] - closeBrowser(): Browser is closed

28-01-2024T19:00:20 - [MESSAGE][PASSED] - Browser is closed]]></system-out>
         <system-err><![CDATA[]]></system-err>
      </testcase>
      <testcase name="Test Cases/Amazon/TC_Amazon_007" time="14.014" classname="Test Cases/Amazon/TC_Amazon_007" status="PASSED">
         <system-out><![CDATA[28-01-2024T19:00:20 - [TEST_CASE][PASSED] - Test Cases/Amazon/TC_Amazon_007: Test Cases/Amazon/TC_Amazon_007

28-01-2024T19:00:20 - [TEST_STEP][PASSED] - openBrowser(""): Browser is opened with url: ''

28-01-2024T19:00:20 - [MESSAGE][INFO] - Starting 'Chrome' driver

28-01-2024T19:00:20 - [MESSAGE][INFO] - Action delay is set to 0 milliseconds

28-01-2024T19:00:20 - [MESSAGE][PASSED] - Browser is opened with url: ''

28-01-2024T19:00:20 - [TEST_STEP][PASSED] - maximizeWindow(): Current window maximized

28-01-2024T19:00:20 - [MESSAGE][PASSED] - Current window maximized

28-01-2024T19:00:20 - [TEST_STEP][PASSED] - navigateToUrl("https://www.amazon.in/"): Navigate to 'https://www.amazon.in/' successfully

28-01-2024T19:00:22 - [MESSAGE][PASSED] - Navigate to 'https://www.amazon.in/' successfully

28-01-2024T19:00:22 - [TEST_STEP][PASSED] - click(findTestObject("Object Repository/Amazon/TC_Amazon_007_CustomerSupport/Page_Online Shopping site in India Shop Onl_10c5f3/i_hm-icon nav-sprite")): Object: 'Object Repository/Amazon/TC_Amazon_007_CustomerSupport/Page_Online Shopping site in India Shop Onl_10c5f3/i_hm-icon nav-sprite' is clicked on

28-01-2024T19:00:23 - [MESSAGE][PASSED] - Object: 'Object Repository/Amazon/TC_Amazon_007_CustomerSupport/Page_Online Shopping site in India Shop Onl_10c5f3/i_hm-icon nav-sprite' is clicked on

28-01-2024T19:00:23 - [TEST_STEP][PASSED] - click(findTestObject("Object Repository/Amazon/TC_Amazon_007_CustomerSupport/Page_Online Shopping site in India Shop Onl_10c5f3/a_Customer Service")): Object: 'Object Repository/Amazon/TC_Amazon_007_CustomerSupport/Page_Online Shopping site in India Shop Onl_10c5f3/a_Customer Service' is clicked on

28-01-2024T19:00:29 - [MESSAGE][PASSED] - Object: 'Object Repository/Amazon/TC_Amazon_007_CustomerSupport/Page_Online Shopping site in India Shop Onl_10c5f3/a_Customer Service' is clicked on

28-01-2024T19:00:29 - [TEST_STEP][PASSED] - click(findTestObject("Object Repository/Amazon/TC_Amazon_007_CustomerSupport/Page_Help - Amazon Customer Service/a_Help")): Object: 'Object Repository/Amazon/TC_Amazon_007_CustomerSupport/Page_Help - Amazon Customer Service/a_Help' is clicked on

28-01-2024T19:00:31 - [MESSAGE][PASSED] - Object: 'Object Repository/Amazon/TC_Amazon_007_CustomerSupport/Page_Help - Amazon Customer Service/a_Help' is clicked on

28-01-2024T19:00:31 - [TEST_STEP][PASSED] - verifyElementPresent(findTestObject("Object Repository/Amazon/TC_Amazon_007_CustomerSupport/Page_Help - Amazon Customer Service/a_Customer Service"), 0): Object 'Object Repository/Amazon/TC_Amazon_007_CustomerSupport/Page_Help - Amazon Customer Service/a_Customer Service' is present

28-01-2024T19:00:31 - [MESSAGE][WARNING] - Timeout '0' is invalid. Using default page load timeout: '30'

28-01-2024T19:00:32 - [MESSAGE][PASSED] - Object 'Object Repository/Amazon/TC_Amazon_007_CustomerSupport/Page_Help - Amazon Customer Service/a_Customer Service' is present

28-01-2024T19:00:32 - [TEST_STEP][PASSED] - click(findTestObject("Object Repository/Amazon/TC_Amazon_007_CustomerSupport/Page_Help - Amazon Customer Service/a_Customer Service")): Object: 'Object Repository/Amazon/TC_Amazon_007_CustomerSupport/Page_Help - Amazon Customer Service/a_Customer Service' is clicked on

28-01-2024T19:00:32 - [MESSAGE][PASSED] - Object: 'Object Repository/Amazon/TC_Amazon_007_CustomerSupport/Page_Help - Amazon Customer Service/a_Customer Service' is clicked on

28-01-2024T19:00:32 - [TEST_STEP][PASSED] - verifyElementPresent(findTestObject("Object Repository/Amazon/TC_Amazon_007_CustomerSupport/Page_Help - Amazon Customer Service/div_Customer Service                 Ask th_35d152"), 0): Object 'Object Repository/Amazon/TC_Amazon_007_CustomerSupport/Page_Help - Amazon Customer Service/div_Customer Service                 Ask th_35d152' is present

28-01-2024T19:00:32 - [MESSAGE][WARNING] - Timeout '0' is invalid. Using default page load timeout: '30'

28-01-2024T19:00:33 - [MESSAGE][PASSED] - Object 'Object Repository/Amazon/TC_Amazon_007_CustomerSupport/Page_Help - Amazon Customer Service/div_Customer Service                 Ask th_35d152' is present

28-01-2024T19:00:33 - [TEST_STEP][PASSED] - verifyElementPresent(findTestObject("Object Repository/Amazon/TC_Amazon_007_CustomerSupport/Page_Help - Amazon Customer Service/a_Contact Us"), 0): Object 'Object Repository/Amazon/TC_Amazon_007_CustomerSupport/Page_Help - Amazon Customer Service/a_Contact Us' is present

28-01-2024T19:00:33 - [MESSAGE][WARNING] - Timeout '0' is invalid. Using default page load timeout: '30'

28-01-2024T19:00:33 - [MESSAGE][PASSED] - Object 'Object Repository/Amazon/TC_Amazon_007_CustomerSupport/Page_Help - Amazon Customer Service/a_Contact Us' is present

28-01-2024T19:00:33 - [TEST_STEP][PASSED] - click(findTestObject("Object Repository/Amazon/TC_Amazon_007_CustomerSupport/Page_Help - Amazon Customer Service/a_Contact Us")): Object: 'Object Repository/Amazon/TC_Amazon_007_CustomerSupport/Page_Help - Amazon Customer Service/a_Contact Us' is clicked on

28-01-2024T19:00:34 - [MESSAGE][PASSED] - Object: 'Object Repository/Amazon/TC_Amazon_007_CustomerSupport/Page_Help - Amazon Customer Service/a_Contact Us' is clicked on

28-01-2024T19:00:34 - [TEST_STEP][PASSED] - closeBrowser(): Browser is closed

28-01-2024T19:00:34 - [MESSAGE][PASSED] - Browser is closed]]></system-out>
         <system-err><![CDATA[]]></system-err>
      </testcase>
      <testcase name="Test Cases/Amazon/TC_Amazon_008" time="24.109" classname="Test Cases/Amazon/TC_Amazon_008" status="PASSED">
         <system-out><![CDATA[28-01-2024T19:00:34 - [TEST_CASE][PASSED] - Test Cases/Amazon/TC_Amazon_008: Test Cases/Amazon/TC_Amazon_008

28-01-2024T19:00:34 - [TEST_STEP][PASSED] - openBrowser(""): Browser is opened with url: ''

28-01-2024T19:00:34 - [MESSAGE][INFO] - Starting 'Chrome' driver

28-01-2024T19:00:34 - [MESSAGE][INFO] - Action delay is set to 0 milliseconds

28-01-2024T19:00:34 - [MESSAGE][PASSED] - Browser is opened with url: ''

28-01-2024T19:00:34 - [TEST_STEP][PASSED] - maximizeWindow(): Current window maximized

28-01-2024T19:00:34 - [MESSAGE][PASSED] - Current window maximized

28-01-2024T19:00:34 - [TEST_STEP][PASSED] - navigateToUrl("https://www.amazon.in/"): Navigate to 'https://www.amazon.in/' successfully

28-01-2024T19:00:36 - [MESSAGE][PASSED] - Navigate to 'https://www.amazon.in/' successfully

28-01-2024T19:00:36 - [TEST_STEP][PASSED] - setText(findTestObject("Object Repository/Amazon/TC_Amazon_008_AddCart/Page_Online Shopping site in India Shop Onl_10c5f3/input_field-keywords"), "samsung tab s9"): Text 'samsung tab s9' is set on object 'Object Repository/Amazon/TC_Amazon_008_AddCart/Page_Online Shopping site in India Shop Onl_10c5f3/input_field-keywords'

28-01-2024T19:00:38 - [MESSAGE][PASSED] - Text 'samsung tab s9' is set on object 'Object Repository/Amazon/TC_Amazon_008_AddCart/Page_Online Shopping site in India Shop Onl_10c5f3/input_field-keywords'

28-01-2024T19:00:38 - [TEST_STEP][PASSED] - click(findTestObject("Amazon/TC_Amazon_002_ItemSearch/Page_Amazon.in  Amazon Echo/inputnav-search-submit-button")): Object: 'Object Repository/Amazon/TC_Amazon_002_ItemSearch/Page_Amazon.in  Amazon Echo/inputnav-search-submit-button' is clicked on

28-01-2024T19:00:42 - [MESSAGE][PASSED] - Object: 'Object Repository/Amazon/TC_Amazon_002_ItemSearch/Page_Amazon.in  Amazon Echo/inputnav-search-submit-button' is clicked on

28-01-2024T19:00:42 - [TEST_STEP][PASSED] - verifyElementPresent(findTestObject("Object Repository/Amazon/TC_Amazon_008_AddCart/Page_Amazon.in  samsung tab s9/span_Samsung Galaxy Tab S9 27.81 cm (11 inc_15935d"), 0): Object 'Object Repository/Amazon/TC_Amazon_008_AddCart/Page_Amazon.in  samsung tab s9/span_Samsung Galaxy Tab S9 27.81 cm (11 inc_15935d' is present

28-01-2024T19:00:42 - [MESSAGE][WARNING] - Timeout '0' is invalid. Using default page load timeout: '30'

28-01-2024T19:00:43 - [MESSAGE][PASSED] - Object 'Object Repository/Amazon/TC_Amazon_008_AddCart/Page_Amazon.in  samsung tab s9/span_Samsung Galaxy Tab S9 27.81 cm (11 inc_15935d' is present

28-01-2024T19:00:43 - [TEST_STEP][PASSED] - click(findTestObject("Object Repository/Amazon/TC_Amazon_008_AddCart/Page_Amazon.in  samsung tab s9/span_Samsung Galaxy Tab S9 27.81 cm (11 inc_15935d")): Object: 'Object Repository/Amazon/TC_Amazon_008_AddCart/Page_Amazon.in  samsung tab s9/span_Samsung Galaxy Tab S9 27.81 cm (11 inc_15935d' is clicked on

28-01-2024T19:00:43 - [MESSAGE][PASSED] - Object: 'Object Repository/Amazon/TC_Amazon_008_AddCart/Page_Amazon.in  samsung tab s9/span_Samsung Galaxy Tab S9 27.81 cm (11 inc_15935d' is clicked on

28-01-2024T19:00:43 - [TEST_STEP][PASSED] - switchToWindowTitle("Samsung Galaxy Tab S9 27.81 cm (11 inch) Dynamic AMOLED 2X Display, RAM 12 GB, ROM 256 GB Expandable, S Pen in-Box, Wi-Fi Tablet, Gray : Amazon.in: Electronics"): Switched to window with title: 'Samsung Galaxy Tab S9 27.81 cm (11 inch) Dynamic AMOLED 2X Display, RAM 12 GB, ROM 256 GB Expandable, S Pen in-Box, Wi-Fi Tablet, Gray : Amazon.in: Electronics'

28-01-2024T19:00:49 - [MESSAGE][PASSED] - Switched to window with title: 'Samsung Galaxy Tab S9 27.81 cm (11 inch) Dynamic AMOLED 2X Display, RAM 12 GB, ROM 256 GB Expandable, S Pen in-Box, Wi-Fi Tablet, Gray : Amazon.in: Electronics'

28-01-2024T19:00:49 - [TEST_STEP][PASSED] - verifyElementPresent(findTestObject("Object Repository/Amazon/TC_Amazon_008_AddCart/Page_Samsung Galaxy Tab S9 27.81 cm (11 inc_6ea711/span_Samsung Galaxy Tab S9 27.81 cm (11 inc_15935d"), 0): Object 'Object Repository/Amazon/TC_Amazon_008_AddCart/Page_Samsung Galaxy Tab S9 27.81 cm (11 inc_6ea711/span_Samsung Galaxy Tab S9 27.81 cm (11 inc_15935d' is present

28-01-2024T19:00:49 - [MESSAGE][WARNING] - Timeout '0' is invalid. Using default page load timeout: '30'

28-01-2024T19:00:49 - [MESSAGE][PASSED] - Object 'Object Repository/Amazon/TC_Amazon_008_AddCart/Page_Samsung Galaxy Tab S9 27.81 cm (11 inc_6ea711/span_Samsung Galaxy Tab S9 27.81 cm (11 inc_15935d' is present

28-01-2024T19:00:49 - [TEST_STEP][PASSED] - verifyElementPresent(findTestObject("Object Repository/Amazon/TC_Amazon_008_AddCart/Page_Samsung Galaxy Tab S9 27.81 cm (11 inc_6ea711/input_submit.add-to-cart"), 0): Object 'Object Repository/Amazon/TC_Amazon_008_AddCart/Page_Samsung Galaxy Tab S9 27.81 cm (11 inc_6ea711/input_submit.add-to-cart' is present

28-01-2024T19:00:49 - [MESSAGE][WARNING] - Timeout '0' is invalid. Using default page load timeout: '30'

28-01-2024T19:00:50 - [MESSAGE][PASSED] - Object 'Object Repository/Amazon/TC_Amazon_008_AddCart/Page_Samsung Galaxy Tab S9 27.81 cm (11 inc_6ea711/input_submit.add-to-cart' is present

28-01-2024T19:00:50 - [TEST_STEP][PASSED] - click(findTestObject("Object Repository/Amazon/TC_Amazon_008_AddCart/Page_Samsung Galaxy Tab S9 27.81 cm (11 inc_6ea711/input_submit.add-to-cart")): Object: 'Object Repository/Amazon/TC_Amazon_008_AddCart/Page_Samsung Galaxy Tab S9 27.81 cm (11 inc_6ea711/input_submit.add-to-cart' is clicked on

28-01-2024T19:00:50 - [MESSAGE][PASSED] - Object: 'Object Repository/Amazon/TC_Amazon_008_AddCart/Page_Samsung Galaxy Tab S9 27.81 cm (11 inc_6ea711/input_submit.add-to-cart' is clicked on

28-01-2024T19:00:50 - [TEST_STEP][PASSED] - click(findTestObject("Object Repository/Amazon/TC_Amazon_008_AddCart/Page_Samsung Galaxy Tab S9 27.81 cm (11 inc_6ea711/divattach-popover-lgtbox")): Object: 'Object Repository/Amazon/TC_Amazon_008_AddCart/Page_Samsung Galaxy Tab S9 27.81 cm (11 inc_6ea711/divattach-popover-lgtbox' is clicked on

28-01-2024T19:00:53 - [MESSAGE][PASSED] - Object: 'Object Repository/Amazon/TC_Amazon_008_AddCart/Page_Samsung Galaxy Tab S9 27.81 cm (11 inc_6ea711/divattach-popover-lgtbox' is clicked on

28-01-2024T19:00:53 - [TEST_STEP][PASSED] - verifyElementPresent(findTestObject("Object Repository/Amazon/TC_Amazon_008_AddCart/Page_Samsung Galaxy Tab S9 27.81 cm (11 inc_6ea711/a_1                                        _7d74ab"), 0): Object 'Object Repository/Amazon/TC_Amazon_008_AddCart/Page_Samsung Galaxy Tab S9 27.81 cm (11 inc_6ea711/a_1                                        _7d74ab' is present

28-01-2024T19:00:53 - [MESSAGE][WARNING] - Timeout '0' is invalid. Using default page load timeout: '30'

28-01-2024T19:00:54 - [MESSAGE][PASSED] - Object 'Object Repository/Amazon/TC_Amazon_008_AddCart/Page_Samsung Galaxy Tab S9 27.81 cm (11 inc_6ea711/a_1                                        _7d74ab' is present

28-01-2024T19:00:54 - [TEST_STEP][PASSED] - click(findTestObject("Object Repository/Amazon/TC_Amazon_008_AddCart/Page_Samsung Galaxy Tab S9 27.81 cm (11 inc_6ea711/a_1                                        _7d74ab")): Object: 'Object Repository/Amazon/TC_Amazon_008_AddCart/Page_Samsung Galaxy Tab S9 27.81 cm (11 inc_6ea711/a_1                                        _7d74ab' is clicked on

28-01-2024T19:00:57 - [MESSAGE][PASSED] - Object: 'Object Repository/Amazon/TC_Amazon_008_AddCart/Page_Samsung Galaxy Tab S9 27.81 cm (11 inc_6ea711/a_1                                        _7d74ab' is clicked on

28-01-2024T19:00:57 - [TEST_STEP][PASSED] - rightClick(findTestObject("Object Repository/Amazon/TC_Amazon_008_AddCart/Page_Amazon.in Shopping Cart/span_Samsung Galaxy Tab S9 27.81 cm (11 inc_15935d")): Object: 'Object Repository/Amazon/TC_Amazon_008_AddCart/Page_Amazon.in Shopping Cart/span_Samsung Galaxy Tab S9 27.81 cm (11 inc_15935d' is right clicked on

28-01-2024T19:00:58 - [MESSAGE][PASSED] - Object: 'Object Repository/Amazon/TC_Amazon_008_AddCart/Page_Amazon.in Shopping Cart/span_Samsung Galaxy Tab S9 27.81 cm (11 inc_15935d' is right clicked on

28-01-2024T19:00:58 - [TEST_STEP][PASSED] - closeBrowser(): Browser is closed

28-01-2024T19:00:58 - [MESSAGE][PASSED] - Browser is closed]]></system-out>
         <system-err><![CDATA[]]></system-err>
      </testcase>
      <testcase name="Test Cases/Amazon/TC_Amazon_009" time="12.269" classname="Test Cases/Amazon/TC_Amazon_009" status="PASSED">
         <system-out><![CDATA[28-01-2024T19:01:04 - [TEST_CASE][PASSED] - Test Cases/Amazon/TC_Amazon_009: Test Cases/Amazon/TC_Amazon_009

28-01-2024T19:01:04 - [TEST_STEP][PASSED] - openBrowser(""): Browser is opened with url: ''

28-01-2024T19:01:04 - [MESSAGE][WARNING] - A browser is already opened. Closing browser and opening a new one

28-01-2024T19:01:04 - [MESSAGE][INFO] - Starting 'Chrome' driver

28-01-2024T19:01:04 - [MESSAGE][INFO] - Action delay is set to 0 milliseconds

28-01-2024T19:01:04 - [MESSAGE][PASSED] - Browser is opened with url: ''

28-01-2024T19:01:04 - [TEST_STEP][PASSED] - maximizeWindow(): Current window maximized

28-01-2024T19:01:04 - [MESSAGE][PASSED] - Current window maximized

28-01-2024T19:01:04 - [TEST_STEP][PASSED] - navigateToUrl("https://www.amazon.in/"): Navigate to 'https://www.amazon.in/' successfully

28-01-2024T19:01:08 - [MESSAGE][PASSED] - Navigate to 'https://www.amazon.in/' successfully

28-01-2024T19:01:08 - [TEST_STEP][PASSED] - verifyElementPresent(findTestObject("Object Repository/Amazon/TC_Amazon_009_Location/Page_Online Shopping site in India Shop Onl_10c5f3/a_Delivering to Chennai 600093             _699f79"), 0): Object 'Object Repository/Amazon/TC_Amazon_009_Location/Page_Online Shopping site in India Shop Onl_10c5f3/a_Delivering to Chennai 600093             _699f79' is present

28-01-2024T19:01:08 - [MESSAGE][WARNING] - Timeout '0' is invalid. Using default page load timeout: '30'

28-01-2024T19:01:09 - [MESSAGE][PASSED] - Object 'Object Repository/Amazon/TC_Amazon_009_Location/Page_Online Shopping site in India Shop Onl_10c5f3/a_Delivering to Chennai 600093             _699f79' is present

28-01-2024T19:01:09 - [TEST_STEP][PASSED] - verifyElementText(findTestObject("Object Repository/Amazon/TC_Amazon_009_Location/Page_Online Shopping site in India Shop Onl_10c5f3/span_Delivering to Chennai 600093"), "Delivering to Chennai 600093"): Actual text and expected text of test object 'Object Repository/Amazon/TC_Amazon_009_Location/Page_Online Shopping site in India Shop Onl_10c5f3/span_Delivering to Chennai 600093' are matched.

28-01-2024T19:01:09 - [MESSAGE][PASSED] - Actual text and expected text of test object 'Object Repository/Amazon/TC_Amazon_009_Location/Page_Online Shopping site in India Shop Onl_10c5f3/span_Delivering to Chennai 600093' are matched.

28-01-2024T19:01:09 - [TEST_STEP][PASSED] - click(findTestObject("Object Repository/Amazon/TC_Amazon_009_Location/Page_Online Shopping site in India Shop Onl_10c5f3/span_Delivering to Chennai 600093")): Object: 'Object Repository/Amazon/TC_Amazon_009_Location/Page_Online Shopping site in India Shop Onl_10c5f3/span_Delivering to Chennai 600093' is clicked on

28-01-2024T19:01:10 - [MESSAGE][PASSED] - Object: 'Object Repository/Amazon/TC_Amazon_009_Location/Page_Online Shopping site in India Shop Onl_10c5f3/span_Delivering to Chennai 600093' is clicked on

28-01-2024T19:01:10 - [TEST_STEP][PASSED] - setText(findTestObject("Object Repository/Amazon/TC_Amazon_009_Location/Page_Online Shopping site in India Shop Onl_10c5f3/inputGLUXZipUpdateInput"), "226001"): Text '226001' is set on object 'Object Repository/Amazon/TC_Amazon_009_Location/Page_Online Shopping site in India Shop Onl_10c5f3/inputGLUXZipUpdateInput'

28-01-2024T19:01:12 - [MESSAGE][PASSED] - Text '226001' is set on object 'Object Repository/Amazon/TC_Amazon_009_Location/Page_Online Shopping site in India Shop Onl_10c5f3/inputGLUXZipUpdateInput'

28-01-2024T19:01:12 - [TEST_STEP][PASSED] - verifyElementPresent(findTestObject("Object Repository/Amazon/TC_Amazon_009_Location/Page_Online Shopping site in India Shop Onl_10c5f3/inputGLUXZipUpdateInput"), 0): Object 'Object Repository/Amazon/TC_Amazon_009_Location/Page_Online Shopping site in India Shop Onl_10c5f3/inputGLUXZipUpdateInput' is present

28-01-2024T19:01:12 - [MESSAGE][WARNING] - Timeout '0' is invalid. Using default page load timeout: '30'

28-01-2024T19:01:12 - [MESSAGE][PASSED] - Object 'Object Repository/Amazon/TC_Amazon_009_Location/Page_Online Shopping site in India Shop Onl_10c5f3/inputGLUXZipUpdateInput' is present

28-01-2024T19:01:12 - [TEST_STEP][PASSED] - verifyElementPresent(findTestObject("Object Repository/Amazon/TC_Amazon_009_Location/Page_Online Shopping site in India Shop Onl_10c5f3/input_a-button-input"), 0): Object 'Object Repository/Amazon/TC_Amazon_009_Location/Page_Online Shopping site in India Shop Onl_10c5f3/input_a-button-input' is present

28-01-2024T19:01:12 - [MESSAGE][WARNING] - Timeout '0' is invalid. Using default page load timeout: '30'

28-01-2024T19:01:13 - [MESSAGE][PASSED] - Object 'Object Repository/Amazon/TC_Amazon_009_Location/Page_Online Shopping site in India Shop Onl_10c5f3/input_a-button-input' is present

28-01-2024T19:01:13 - [TEST_STEP][PASSED] - click(findTestObject("Object Repository/Amazon/TC_Amazon_009_Location/Page_Online Shopping site in India Shop Onl_10c5f3/input_a-button-input")): Object: 'Object Repository/Amazon/TC_Amazon_009_Location/Page_Online Shopping site in India Shop Onl_10c5f3/input_a-button-input' is clicked on

28-01-2024T19:01:13 - [MESSAGE][PASSED] - Object: 'Object Repository/Amazon/TC_Amazon_009_Location/Page_Online Shopping site in India Shop Onl_10c5f3/input_a-button-input' is clicked on

28-01-2024T19:01:13 - [TEST_STEP][PASSED] - verifyElementPresent(findTestObject("Object Repository/Amazon/TC_Amazon_009_Location/Page_Online Shopping site in India Shop Onl_10c5f3/a_Deliver to                               _69e966"), 0): Object 'Object Repository/Amazon/TC_Amazon_009_Location/Page_Online Shopping site in India Shop Onl_10c5f3/a_Deliver to                               _69e966' is present

28-01-2024T19:01:13 - [MESSAGE][WARNING] - Timeout '0' is invalid. Using default page load timeout: '30'

28-01-2024T19:01:16 - [MESSAGE][PASSED] - Object 'Object Repository/Amazon/TC_Amazon_009_Location/Page_Online Shopping site in India Shop Onl_10c5f3/a_Deliver to                               _69e966' is present

28-01-2024T19:01:16 - [TEST_STEP][PASSED] - closeBrowser(): Browser is closed

28-01-2024T19:01:16 - [MESSAGE][PASSED] - Browser is closed]]></system-out>
         <system-err><![CDATA[]]></system-err>
      </testcase>
      <testcase name="Test Cases/Amazon/TC_Amazon_010" time="13.589" classname="Test Cases/Amazon/TC_Amazon_010" status="PASSED">
         <system-out><![CDATA[28-01-2024T19:01:16 - [TEST_CASE][PASSED] - Test Cases/Amazon/TC_Amazon_010: Test Cases/Amazon/TC_Amazon_010

28-01-2024T19:01:16 - [TEST_STEP][PASSED] - openBrowser(""): Browser is opened with url: ''

28-01-2024T19:01:16 - [MESSAGE][INFO] - Starting 'Chrome' driver

28-01-2024T19:01:16 - [MESSAGE][INFO] - Action delay is set to 0 milliseconds

28-01-2024T19:01:16 - [MESSAGE][PASSED] - Browser is opened with url: ''

28-01-2024T19:01:16 - [TEST_STEP][PASSED] - navigateToUrl("https://www.amazon.in/"): Navigate to 'https://www.amazon.in/' successfully

28-01-2024T19:01:18 - [MESSAGE][PASSED] - Navigate to 'https://www.amazon.in/' successfully

28-01-2024T19:01:18 - [TEST_STEP][PASSED] - verifyElementPresent(findTestObject("Object Repository/Amazon/TC_Amazon_010_Language/Page_Online Shopping site in India Shop Onl_10c5f3/a_EN"), 0): Object 'Object Repository/Amazon/TC_Amazon_010_Language/Page_Online Shopping site in India Shop Onl_10c5f3/a_EN' is present

28-01-2024T19:01:18 - [MESSAGE][WARNING] - Timeout '0' is invalid. Using default page load timeout: '30'

28-01-2024T19:01:19 - [MESSAGE][PASSED] - Object 'Object Repository/Amazon/TC_Amazon_010_Language/Page_Online Shopping site in India Shop Onl_10c5f3/a_EN' is present

28-01-2024T19:01:19 - [TEST_STEP][PASSED] - click(findTestObject("Object Repository/Amazon/TC_Amazon_010_Language/Page_Online Shopping site in India Shop Onl_10c5f3/a_EN")): Object: 'Object Repository/Amazon/TC_Amazon_010_Language/Page_Online Shopping site in India Shop Onl_10c5f3/a_EN' is clicked on

28-01-2024T19:01:20 - [MESSAGE][PASSED] - Object: 'Object Repository/Amazon/TC_Amazon_010_Language/Page_Online Shopping site in India Shop Onl_10c5f3/a_EN' is clicked on

28-01-2024T19:01:20 - [TEST_STEP][PASSED] - verifyElementPresent(findTestObject("Object Repository/Amazon/TC_Amazon_010_Language/Page_Change Language Settings/div_(function(f) var _np(window.P._namespac_5a8a07"), 0): Object 'Object Repository/Amazon/TC_Amazon_010_Language/Page_Change Language Settings/div_(function(f) var _np(window.P._namespac_5a8a07' is present

28-01-2024T19:01:20 - [MESSAGE][WARNING] - Timeout '0' is invalid. Using default page load timeout: '30'

28-01-2024T19:01:21 - [MESSAGE][PASSED] - Object 'Object Repository/Amazon/TC_Amazon_010_Language/Page_Change Language Settings/div_(function(f) var _np(window.P._namespac_5a8a07' is present

28-01-2024T19:01:21 - [TEST_STEP][PASSED] - verifyElementPresent(findTestObject("Object Repository/Amazon/TC_Amazon_010_Language/Page_Change Language Settings/h3_Language Settings"), 0): Object 'Object Repository/Amazon/TC_Amazon_010_Language/Page_Change Language Settings/h3_Language Settings' is present

28-01-2024T19:01:21 - [MESSAGE][WARNING] - Timeout '0' is invalid. Using default page load timeout: '30'

28-01-2024T19:01:21 - [MESSAGE][PASSED] - Object 'Object Repository/Amazon/TC_Amazon_010_Language/Page_Change Language Settings/h3_Language Settings' is present

28-01-2024T19:01:21 - [TEST_STEP][PASSED] - verifyElementPresent(findTestObject("Object Repository/Amazon/TC_Amazon_010_Language/Page_Change Language Settings/span_-        HI                           _d828bb"), 0): Object 'Object Repository/Amazon/TC_Amazon_010_Language/Page_Change Language Settings/span_-        HI                           _d828bb' is present

28-01-2024T19:01:21 - [MESSAGE][WARNING] - Timeout '0' is invalid. Using default page load timeout: '30'

28-01-2024T19:01:22 - [MESSAGE][PASSED] - Object 'Object Repository/Amazon/TC_Amazon_010_Language/Page_Change Language Settings/span_-        HI                           _d828bb' is present

28-01-2024T19:01:22 - [TEST_STEP][PASSED] - click(findTestObject("Object Repository/Amazon/TC_Amazon_010_Language/Page_Change Language Settings/i_a-icon a-icon-radio")): Object: 'Object Repository/Amazon/TC_Amazon_010_Language/Page_Change Language Settings/i_a-icon a-icon-radio' is clicked on

28-01-2024T19:01:22 - [MESSAGE][PASSED] - Object: 'Object Repository/Amazon/TC_Amazon_010_Language/Page_Change Language Settings/i_a-icon a-icon-radio' is clicked on

28-01-2024T19:01:22 - [TEST_STEP][PASSED] - rightClick(findTestObject("Object Repository/Amazon/TC_Amazon_010_Language/Page_Change Language Settings/input_a-button-input")): Object: 'Object Repository/Amazon/TC_Amazon_010_Language/Page_Change Language Settings/input_a-button-input' is right clicked on

28-01-2024T19:01:23 - [MESSAGE][PASSED] - Object: 'Object Repository/Amazon/TC_Amazon_010_Language/Page_Change Language Settings/input_a-button-input' is right clicked on

28-01-2024T19:01:23 - [TEST_STEP][PASSED] - verifyElementPresent(findTestObject("Object Repository/Amazon/TC_Amazon_010_Language/Page_Change Language Settings/div_(function(f) var _np(window.P._namespac_5a8a07_1"), 0): Object 'Object Repository/Amazon/TC_Amazon_010_Language/Page_Change Language Settings/div_(function(f) var _np(window.P._namespac_5a8a07_1' is present

28-01-2024T19:01:23 - [MESSAGE][WARNING] - Timeout '0' is invalid. Using default page load timeout: '30'

28-01-2024T19:01:24 - [MESSAGE][PASSED] - Object 'Object Repository/Amazon/TC_Amazon_010_Language/Page_Change Language Settings/div_(function(f) var _np(window.P._namespac_5a8a07_1' is present

28-01-2024T19:01:24 - [TEST_STEP][PASSED] - verifyElementPresent(findTestObject("Object Repository/Amazon/TC_Amazon_010_Language/Page_Change Language Settings/input_a-button-input"), 0): Object 'Object Repository/Amazon/TC_Amazon_010_Language/Page_Change Language Settings/input_a-button-input' is present

28-01-2024T19:01:24 - [MESSAGE][WARNING] - Timeout '0' is invalid. Using default page load timeout: '30'

28-01-2024T19:01:24 - [MESSAGE][PASSED] - Object 'Object Repository/Amazon/TC_Amazon_010_Language/Page_Change Language Settings/input_a-button-input' is present

28-01-2024T19:01:24 - [TEST_STEP][PASSED] - click(findTestObject("Object Repository/Amazon/TC_Amazon_010_Language/Page_Change Language Settings/input_a-button-input")): Object: 'Object Repository/Amazon/TC_Amazon_010_Language/Page_Change Language Settings/input_a-button-input' is clicked on

28-01-2024T19:01:24 - [MESSAGE][PASSED] - Object: 'Object Repository/Amazon/TC_Amazon_010_Language/Page_Change Language Settings/input_a-button-input' is clicked on

28-01-2024T19:01:24 - [TEST_STEP][PASSED] - verifyElementText(findTestObject("Object Repository/Amazon/TC_Amazon_010_Language/Page_, , ,    - Amazon.in/a_HI"), "HI"): Actual text and expected text of test object 'Object Repository/Amazon/TC_Amazon_010_Language/Page_, , ,    - Amazon.in/a_HI' are matched.

28-01-2024T19:01:29 - [MESSAGE][PASSED] - Actual text and expected text of test object 'Object Repository/Amazon/TC_Amazon_010_Language/Page_, , ,    - Amazon.in/a_HI' are matched.

28-01-2024T19:01:29 - [TEST_STEP][PASSED] - closeBrowser(): Browser is closed

28-01-2024T19:01:29 - [MESSAGE][PASSED] - Browser is closed]]></system-out>
         <system-err><![CDATA[]]></system-err>
      </testcase>
      <system-out><![CDATA[28-01-2024T18:57:30 - [TEST_SUITE][FAILED] - TC_Amazon_TestSuite: Test Cases/Amazon/TC_Amazon_009 FAILED.
Reason:
com.kms.katalon.core.exception.StepFailedException: Verify element text of test object 'Object Repository/Amazon/TC_Amazon_009_Location/Page_Online Shopping site in India Shop Onl_10c5f3/span_Delivering to Chennai 600093' FAILED.
	at com.kms.katalon.core.webui.keyword.internal.WebUIKeywordMain.stepFailed(WebUIKeywordMain.groovy:64)
	at com.kms.katalon.core.webui.keyword.internal.WebUIKeywordMain.runKeyword(WebUIKeywordMain.groovy:26)
	at com.kms.katalon.core.webui.keyword.builtin.VerifyElementTextKeyword.verifyElementText(VerifyElementTextKeyword.groovy:72)
	at com.kms.katalon.core.webui.keyword.builtin.VerifyElementTextKeyword.execute(VerifyElementTextKeyword.groovy:40)
	at com.kms.katalon.core.keyword.internal.KeywordExecutor.executeKeywordForPlatform(KeywordExecutor.groovy:74)
	at com.kms.katalon.core.webui.keyword.WebUiBuiltInKeywords.verifyElementText(WebUiBuiltInKeywords.groovy:4835)
	at TC_Amazon_009.run(TC_Amazon_009:29)
	at com.kms.katalon.core.main.ScriptEngine.run(ScriptEngine.java:194)
	at com.kms.katalon.core.main.ScriptEngine.runScriptAsRawText(ScriptEngine.java:119)
	at com.kms.katalon.core.main.TestCaseExecutor.runScript(TestCaseExecutor.java:448)
	at com.kms.katalon.core.main.TestCaseExecutor.doExecute(TestCaseExecutor.java:439)
	at com.kms.katalon.core.main.TestCaseExecutor.processExecutionPhase(TestCaseExecutor.java:418)
	at com.kms.katalon.core.main.TestCaseExecutor.accessMainPhase(TestCaseExecutor.java:410)
	at com.kms.katalon.core.main.TestCaseExecutor.execute(TestCaseExecutor.java:285)
	at com.kms.katalon.core.common.CommonExecutor.accessTestCaseMainPhase(CommonExecutor.java:65)
	at com.kms.katalon.core.main.TestSuiteExecutor.accessTestSuiteMainPhase(TestSuiteExecutor.java:148)
	at com.kms.katalon.core.main.TestSuiteExecutor.execute(TestSuiteExecutor.java:106)
	at com.kms.katalon.core.main.TestCaseMain.startTestSuite(TestCaseMain.java:180)
	at TempTestSuite1706448445837.run(TempTestSuite1706448445837.groovy:36)
	at java.base/jdk.internal.reflect.NativeMethodAccessorImpl.invoke0(Native Method)
	at java.base/jdk.internal.reflect.NativeMethodAccessorImpl.invoke(NativeMethodAccessorImpl.java:77)
	at java.base/jdk.internal.reflect.DelegatingMethodAccessorImpl.invoke(DelegatingMethodAccessorImpl.java:43)
Caused by: com.kms.katalon.core.exception.StepFailedException: Actual text 'Delivering to Mumbai 400001' and expected text 'Delivering to Chennai 600093' of test object 'Object Repository/Amazon/TC_Amazon_009_Location/Page_Online Shopping site in India Shop Onl_10c5f3/span_Delivering to Chennai 600093' are NOT matched.
	at com.kms.katalon.core.webui.keyword.internal.WebUIKeywordMain.stepFailed(WebUIKeywordMain.groovy:64)
	at com.kms.katalon.core.webui.keyword.builtin.VerifyElementTextKeyword$_verifyElementText_closure1.doCall(VerifyElementTextKeyword.groovy:57)
	at com.kms.katalon.core.webui.keyword.builtin.VerifyElementTextKeyword$_verifyElementText_closure1.call(VerifyElementTextKeyword.groovy)
	at com.kms.katalon.core.webui.keyword.internal.WebUIKeywordMain.runKeyword(WebUIKeywordMain.groovy:20)
	... 20 more]]></system-out>
      <system-err><![CDATA[28-01-2024T18:57:30 - [TEST_SUITE][FAILED] - TC_Amazon_TestSuite: Test Cases/Amazon/TC_Amazon_009 FAILED.
Reason:
com.kms.katalon.core.exception.StepFailedException: Verify element text of test object 'Object Repository/Amazon/TC_Amazon_009_Location/Page_Online Shopping site in India Shop Onl_10c5f3/span_Delivering to Chennai 600093' FAILED.
	at com.kms.katalon.core.webui.keyword.internal.WebUIKeywordMain.stepFailed(WebUIKeywordMain.groovy:64)
	at com.kms.katalon.core.webui.keyword.internal.WebUIKeywordMain.runKeyword(WebUIKeywordMain.groovy:26)
	at com.kms.katalon.core.webui.keyword.builtin.VerifyElementTextKeyword.verifyElementText(VerifyElementTextKeyword.groovy:72)
	at com.kms.katalon.core.webui.keyword.builtin.VerifyElementTextKeyword.execute(VerifyElementTextKeyword.groovy:40)
	at com.kms.katalon.core.keyword.internal.KeywordExecutor.executeKeywordForPlatform(KeywordExecutor.groovy:74)
	at com.kms.katalon.core.webui.keyword.WebUiBuiltInKeywords.verifyElementText(WebUiBuiltInKeywords.groovy:4835)
	at TC_Amazon_009.run(TC_Amazon_009:29)
	at com.kms.katalon.core.main.ScriptEngine.run(ScriptEngine.java:194)
	at com.kms.katalon.core.main.ScriptEngine.runScriptAsRawText(ScriptEngine.java:119)
	at com.kms.katalon.core.main.TestCaseExecutor.runScript(TestCaseExecutor.java:448)
	at com.kms.katalon.core.main.TestCaseExecutor.doExecute(TestCaseExecutor.java:439)
	at com.kms.katalon.core.main.TestCaseExecutor.processExecutionPhase(TestCaseExecutor.java:418)
	at com.kms.katalon.core.main.TestCaseExecutor.accessMainPhase(TestCaseExecutor.java:410)
	at com.kms.katalon.core.main.TestCaseExecutor.execute(TestCaseExecutor.java:285)
	at com.kms.katalon.core.common.CommonExecutor.accessTestCaseMainPhase(CommonExecutor.java:65)
	at com.kms.katalon.core.main.TestSuiteExecutor.accessTestSuiteMainPhase(TestSuiteExecutor.java:148)
	at com.kms.katalon.core.main.TestSuiteExecutor.execute(TestSuiteExecutor.java:106)
	at com.kms.katalon.core.main.TestCaseMain.startTestSuite(TestCaseMain.java:180)
	at TempTestSuite1706448445837.run(TempTestSuite1706448445837.groovy:36)
	at java.base/jdk.internal.reflect.NativeMethodAccessorImpl.invoke0(Native Method)
	at java.base/jdk.internal.reflect.NativeMethodAccessorImpl.invoke(NativeMethodAccessorImpl.java:77)
	at java.base/jdk.internal.reflect.DelegatingMethodAccessorImpl.invoke(DelegatingMethodAccessorImpl.java:43)
Caused by: com.kms.katalon.core.exception.StepFailedException: Actual text 'Delivering to Mumbai 400001' and expected text 'Delivering to Chennai 600093' of test object 'Object Repository/Amazon/TC_Amazon_009_Location/Page_Online Shopping site in India Shop Onl_10c5f3/span_Delivering to Chennai 600093' are NOT matched.
	at com.kms.katalon.core.webui.keyword.internal.WebUIKeywordMain.stepFailed(WebUIKeywordMain.groovy:64)
	at com.kms.katalon.core.webui.keyword.builtin.VerifyElementTextKeyword$_verifyElementText_closure1.doCall(VerifyElementTextKeyword.groovy:57)
	at com.kms.katalon.core.webui.keyword.builtin.VerifyElementTextKeyword$_verifyElementText_closure1.call(VerifyElementTextKeyword.groovy)
	at com.kms.katalon.core.webui.keyword.internal.WebUIKeywordMain.runKeyword(WebUIKeywordMain.groovy:20)
	... 20 more]]></system-err>
   </testsuite>
</testsuites>
